<?xml version="1.0" encoding="UTF-8"?>
<testsuite xmlns:xsi="http://www.w3.org/2001/XMLSchema-instance" xsi:noNamespaceSchemaLocation="https://maven.apache.org/surefire/maven-surefire-plugin/xsd/surefire-test-report-3.0.xsd" version="3.0" name="runners.MyRunner" time="2.375" tests="0" errors="0" skipped="0" failures="0">
  <properties>
    <property name="gopherProxySet" value="false"/>
    <property name="awt.toolkit" value="sun.lwawt.macosx.LWCToolkit"/>
    <property name="file.encoding.pkg" value="sun.io"/>
    <property name="java.specification.version" value="1.8"/>
    <property name="sun.cpu.isalist" value=""/>
    <property name="sun.jnu.encoding" value="UTF-8"/>
    <property name="java.class.path" value="/Users/muzi/IdeaProjects/firstseleniumtest2/target/test-classes:/Users/muzi/IdeaProjects/firstseleniumtest2/target/classes:/Users/muzi/.m2/repository/org/fluttercode/datafactory/datafactory/0.8/datafactory-0.8.jar:/Users/muzi/.m2/repository/com/github/javafaker/javafaker/0.15/javafaker-0.15.jar:/Users/muzi/.m2/repository/org/apache/commons/commons-lang3/3.5/commons-lang3-3.5.jar:/Users/muzi/.m2/repository/org/yaml/snakeyaml/1.20/snakeyaml-1.20-android.jar:/Users/muzi/.m2/repository/com/github/mifmif/generex/1.0.2/generex-1.0.2.jar:/Users/muzi/.m2/repository/dk/brics/automaton/automaton/1.11-8/automaton-1.11-8.jar:/Users/muzi/.m2/repository/com/devskiller/jfairy/0.6.0/jfairy-0.6.0.jar:/Users/muzi/.m2/repository/org/yaml/snakeyaml/1.20/snakeyaml-1.20.jar:/Users/muzi/.m2/repository/org/apache/commons/commons-math3/3.6.1/commons-math3-3.6.1.jar:/Users/muzi/.m2/repository/org/slf4j/slf4j-api/1.7.25/slf4j-api-1.7.25.jar:/Users/muzi/.m2/repository/com/google/inject/guice/4.2.0/guice-4.2.0.jar:/Users/muzi/.m2/repository/javax/inject/javax.inject/1/javax.inject-1.jar:/Users/muzi/.m2/repository/aopalliance/aopalliance/1.0/aopalliance-1.0.jar:/Users/muzi/.m2/repository/com/google/inject/extensions/guice-assistedinject/4.2.0/guice-assistedinject-4.2.0.jar:/Users/muzi/.m2/repository/org/iban4j/iban4j/3.2.1/iban4j-3.2.1.jar:/Users/muzi/.m2/repository/org/codehaus/groovy/groovy-all/2.4.14/groovy-all-2.4.14.jar:/Users/muzi/.m2/repository/io/qameta/allure/allure-junit4/2.13.3/allure-junit4-2.13.3.jar:/Users/muzi/.m2/repository/io/qameta/allure/allure-java-commons/2.13.3/allure-java-commons-2.13.3.jar:/Users/muzi/.m2/repository/io/qameta/allure/allure-model/2.13.3/allure-model-2.13.3.jar:/Users/muzi/.m2/repository/org/apache/tika/tika-core/1.20/tika-core-1.20.jar:/Users/muzi/.m2/repository/org/jooq/joor-java-8/0.9.10/joor-java-8-0.9.10.jar:/Users/muzi/.m2/repository/net/serenity-bdd/serenity-core/2.2.8/serenity-core-2.2.8.jar:/Users/muzi/.m2/repository/net/bytebuddy/byte-buddy/1.10.1/byte-buddy-1.10.1.jar:/Users/muzi/.m2/repository/net/bytebuddy/byte-buddy-agent/1.10.1/byte-buddy-agent-1.10.1.jar:/Users/muzi/.m2/repository/org/ow2/asm/asm/7.2/asm-7.2.jar:/Users/muzi/.m2/repository/commons-codec/commons-codec/1.10/commons-codec-1.10.jar:/Users/muzi/.m2/repository/org/objenesis/objenesis/3.0.1/objenesis-3.0.1.jar:/Users/muzi/.m2/repository/xml-apis/xml-apis/1.4.01/xml-apis-1.4.01.jar:/Users/muzi/.m2/repository/commons-logging/commons-logging/1.2/commons-logging-1.2.jar:/Users/muzi/.m2/repository/javax/xml/bind/jaxb-api/2.2.12/jaxb-api-2.2.12.jar:/Users/muzi/.m2/repository/com/sun/xml/bind/jaxb-core/2.3.0.1/jaxb-core-2.3.0.1.jar:/Users/muzi/.m2/repository/com/sun/xml/bind/jaxb-impl/2.3.0.1/jaxb-impl-2.3.0.1.jar:/Users/muzi/.m2/repository/javax/activation/activation/1.1.1/activation-1.1.1.jar:/Users/muzi/.m2/repository/org/mockito/mockito-core/3.1.0/mockito-core-3.1.0.jar:/Users/muzi/.m2/repository/net/serenity-bdd/serenity-report-resources/2.2.8/serenity-report-resources-2.2.8.jar:/Users/muzi/.m2/repository/net/serenity-bdd/serenity-model/2.2.8/serenity-model-2.2.8.jar:/Users/muzi/.m2/repository/commons-net/commons-net/3.6/commons-net-3.6.jar:/Users/muzi/.m2/repository/org/apache/commons/commons-text/1.6/commons-text-1.6.jar:/Users/muzi/.m2/repository/org/reflections/reflections/0.9.11/reflections-0.9.11.jar:/Users/muzi/.m2/repository/es/nitaur/markdown/txtmark/0.16/txtmark-0.16.jar:/Users/muzi/.m2/repository/net/serenity-bdd/serenity-reports/2.2.8/serenity-reports-2.2.8.jar:/Users/muzi/.m2/repository/net/serenity-bdd/serenity-stats/2.2.8/serenity-stats-2.2.8.jar:/Users/muzi/.m2/repository/org/jetbrains/kotlin/kotlin-stdlib/1.3.31/kotlin-stdlib-1.3.31.jar:/Users/muzi/.m2/repository/org/jetbrains/kotlin/kotlin-stdlib-common/1.3.31/kotlin-stdlib-common-1.3.31.jar:/Users/muzi/.m2/repository/org/jetbrains/annotations/13.0/annotations-13.0.jar:/Users/muzi/.m2/repository/com/google/code/gson/gson/2.8.6/gson-2.8.6.jar:/Users/muzi/.m2/repository/commons-io/commons-io/2.6/commons-io-2.6.jar:/Users/muzi/.m2/repository/org/seleniumhq/selenium/selenium-api/3.141.59/selenium-api-3.141.59.jar:/Users/muzi/.m2/repository/org/seleniumhq/selenium/selenium-chrome-driver/3.141.59/selenium-chrome-driver-3.141.59.jar:/Users/muzi/.m2/repository/org/seleniumhq/selenium/selenium-edge-driver/3.141.59/selenium-edge-driver-3.141.59.jar:/Users/muzi/.m2/repository/org/seleniumhq/selenium/selenium-remote-driver/3.141.59/selenium-remote-driver-3.141.59.jar:/Users/muzi/.m2/repository/org/seleniumhq/selenium/selenium-safari-driver/3.141.59/selenium-safari-driver-3.141.59.jar:/Users/muzi/.m2/repository/org/seleniumhq/selenium/selenium-opera-driver/3.141.59/selenium-opera-driver-3.141.59.jar:/Users/muzi/.m2/repository/org/seleniumhq/selenium/selenium-support/3.141.59/selenium-support-3.141.59.jar:/Users/muzi/.m2/repository/com/paulhammant/ngwebdriver/1.1.4/ngwebdriver-1.1.4.jar:/Users/muzi/.m2/repository/com/assertthat/selenium-shutterbug/0.9.3/selenium-shutterbug-0.9.3.jar:/Users/muzi/.m2/repository/com/github/zafarkhaja/java-semver/0.9.0/java-semver-0.9.0.jar:/Users/muzi/.m2/repository/com/codeborne/phantomjsdriver/1.4.4/phantomjsdriver-1.4.4.jar:/Users/muzi/.m2/repository/org/seleniumhq/selenium/htmlunit-driver/2.37.0/htmlunit-driver-2.37.0.jar:/Users/muzi/.m2/repository/io/appium/java-client/7.3.0/java-client-7.3.0.jar:/Users/muzi/.m2/repository/commons-validator/commons-validator/1.6/commons-validator-1.6.jar:/Users/muzi/.m2/repository/commons-beanutils/commons-beanutils/1.9.2/commons-beanutils-1.9.2.jar:/Users/muzi/.m2/repository/commons-digester/commons-digester/1.8.1/commons-digester-1.8.1.jar:/Users/muzi/.m2/repository/org/aspectj/aspectjweaver/1.9.4/aspectjweaver-1.9.4.jar:/Users/muzi/.m2/repository/org/springframework/spring-context-support/5.1.2.RELEASE/spring-context-support-5.1.2.RELEASE.jar:/Users/muzi/.m2/repository/org/codehaus/groovy/groovy/2.5.5/groovy-2.5.5.jar:/Users/muzi/.m2/repository/net/sf/opencsv/opencsv/2.0/opencsv-2.0.jar:/Users/muzi/.m2/repository/commons-beanutils/commons-beanutils-core/1.8.3/commons-beanutils-core-1.8.3.jar:/Users/muzi/.m2/repository/joda-time/joda-time/2.7/joda-time-2.7.jar:/Users/muzi/.m2/repository/com/thoughtworks/xstream/xstream/1.4.9/xstream-1.4.9.jar:/Users/muzi/.m2/repository/xmlpull/xmlpull/1.1.3.1/xmlpull-1.1.3.1.jar:/Users/muzi/.m2/repository/xpp3/xpp3_min/1.1.4c/xpp3_min-1.1.4c.jar:/Users/muzi/.m2/repository/commons-collections/commons-collections/3.2.2/commons-collections-3.2.2.jar:/Users/muzi/.m2/repository/net/sourceforge/jexcelapi/jxl/2.6.12/jxl-2.6.12.jar:/Users/muzi/.m2/repository/org/hamcrest/hamcrest-core/1.3/hamcrest-core-1.3.jar:/Users/muzi/.m2/repository/org/hamcrest/hamcrest-library/1.3/hamcrest-library-1.3.jar:/Users/muzi/.m2/repository/net/sourceforge/htmlunit/htmlunit/2.37.0/htmlunit-2.37.0.jar:/Users/muzi/.m2/repository/net/sourceforge/htmlunit/htmlunit-core-js/2.37.0/htmlunit-core-js-2.37.0.jar:/Users/muzi/.m2/repository/net/sourceforge/htmlunit/neko-htmlunit/2.37.0/neko-htmlunit-2.37.0.jar:/Users/muzi/.m2/repository/xerces/xercesImpl/2.12.0/xercesImpl-2.12.0.jar:/Users/muzi/.m2/repository/net/sourceforge/htmlunit/htmlunit-cssparser/1.5.0/htmlunit-cssparser-1.5.0.jar:/Users/muzi/.m2/repository/org/brotli/dec/0.1.2/dec-0.1.2.jar:/Users/muzi/.m2/repository/org/eclipse/jetty/websocket/websocket-client/9.4.26.v20200117/websocket-client-9.4.26.v20200117.jar:/Users/muzi/.m2/repository/org/eclipse/jetty/jetty-client/9.4.26.v20200117/jetty-client-9.4.26.v20200117.jar:/Users/muzi/.m2/repository/org/eclipse/jetty/jetty-http/9.4.26.v20200117/jetty-http-9.4.26.v20200117.jar:/Users/muzi/.m2/repository/org/eclipse/jetty/jetty-xml/9.4.26.v20200117/jetty-xml-9.4.26.v20200117.jar:/Users/muzi/.m2/repository/org/eclipse/jetty/jetty-util/9.4.26.v20200117/jetty-util-9.4.26.v20200117.jar:/Users/muzi/.m2/repository/org/eclipse/jetty/jetty-io/9.4.26.v20200117/jetty-io-9.4.26.v20200117.jar:/Users/muzi/.m2/repository/org/eclipse/jetty/websocket/websocket-common/9.4.26.v20200117/websocket-common-9.4.26.v20200117.jar:/Users/muzi/.m2/repository/org/eclipse/jetty/websocket/websocket-api/9.4.26.v20200117/websocket-api-9.4.26.v20200117.jar:/Users/muzi/.m2/repository/org/apache/httpcomponents/httpclient/4.5.5/httpclient-4.5.5.jar:/Users/muzi/.m2/repository/org/apache/httpcomponents/httpmime/4.5.5/httpmime-4.5.5.jar:/Users/muzi/.m2/repository/org/fluentlenium/fluentlenium-core/0.10.2/fluentlenium-core-0.10.2.jar:/Users/muzi/.m2/repository/com/jhlabs/filters/2.0.235/filters-2.0.235.jar:/Users/muzi/.m2/repository/org/asciidoctor/asciidoctorj/1.5.6/asciidoctorj-1.5.6.jar:/Users/muzi/.m2/repository/org/jruby/jruby-complete/1.7.26/jruby-complete-1.7.26.jar:/Users/muzi/.m2/repository/org/imgscalr/imgscalr-lib/4.2/imgscalr-lib-4.2.jar:/Users/muzi/.m2/repository/javax/el/javax.el-api/2.2.4/javax.el-api-2.2.4.jar:/Users/muzi/.m2/repository/org/glassfish/web/javax.el/2.2.4/javax.el-2.2.4.jar:/Users/muzi/.m2/repository/xalan/xalan/2.7.2/xalan-2.7.2.jar:/Users/muzi/.m2/repository/xalan/serializer/2.7.2/serializer-2.7.2.jar:/Users/muzi/.m2/repository/org/awaitility/awaitility/4.0.1/awaitility-4.0.1.jar:/Users/muzi/.m2/repository/com/typesafe/config/1.3.1/config-1.3.1.jar:/Users/muzi/.m2/repository/org/jsoup/jsoup/1.10.3/jsoup-1.10.3.jar:/Users/muzi/.m2/repository/com/google/jimfs/jimfs/1.1/jimfs-1.1.jar:/Users/muzi/.m2/repository/com/vladsch/flexmark/flexmark-all/0.34.30/flexmark-all-0.34.30.jar:/Users/muzi/.m2/repository/com/vladsch/flexmark/flexmark/0.34.30/flexmark-0.34.30.jar:/Users/muzi/.m2/repository/com/vladsch/flexmark/flexmark-ext-abbreviation/0.34.30/flexmark-ext-abbreviation-0.34.30.jar:/Users/muzi/.m2/repository/com/vladsch/flexmark/flexmark-ext-admonition/0.34.30/flexmark-ext-admonition-0.34.30.jar:/Users/muzi/.m2/repository/com/vladsch/flexmark/flexmark-ext-anchorlink/0.34.30/flexmark-ext-anchorlink-0.34.30.jar:/Users/muzi/.m2/repository/com/vladsch/flexmark/flexmark-ext-aside/0.34.30/flexmark-ext-aside-0.34.30.jar:/Users/muzi/.m2/repository/com/vladsch/flexmark/flexmark-ext-attributes/0.34.30/flexmark-ext-attributes-0.34.30.jar:/Users/muzi/.m2/repository/com/vladsch/flexmark/flexmark-ext-autolink/0.34.30/flexmark-ext-autolink-0.34.30.jar:/Users/muzi/.m2/repository/org/nibor/autolink/autolink/0.6.0/autolink-0.6.0.jar:/Users/muzi/.m2/repository/com/vladsch/flexmark/flexmark-ext-definition/0.34.30/flexmark-ext-definition-0.34.30.jar:/Users/muzi/.m2/repository/com/vladsch/flexmark/flexmark-ext-emoji/0.34.30/flexmark-ext-emoji-0.34.30.jar:/Users/muzi/.m2/repository/com/vladsch/flexmark/flexmark-ext-enumerated-reference/0.34.30/flexmark-ext-enumerated-reference-0.34.30.jar:/Users/muzi/.m2/repository/com/vladsch/flexmark/flexmark-ext-escaped-character/0.34.30/flexmark-ext-escaped-character-0.34.30.jar:/Users/muzi/.m2/repository/com/vladsch/flexmark/flexmark-ext-footnotes/0.34.30/flexmark-ext-footnotes-0.34.30.jar:/Users/muzi/.m2/repository/com/vladsch/flexmark/flexmark-ext-gfm-issues/0.34.30/flexmark-ext-gfm-issues-0.34.30.jar:/Users/muzi/.m2/repository/com/vladsch/flexmark/flexmark-ext-gfm-strikethrough/0.34.30/flexmark-ext-gfm-strikethrough-0.34.30.jar:/Users/muzi/.m2/repository/com/vladsch/flexmark/flexmark-ext-gfm-tables/0.34.30/flexmark-ext-gfm-tables-0.34.30.jar:/Users/muzi/.m2/repository/com/vladsch/flexmark/flexmark-ext-gfm-tasklist/0.34.30/flexmark-ext-gfm-tasklist-0.34.30.jar:/Users/muzi/.m2/repository/com/vladsch/flexmark/flexmark-ext-gfm-users/0.34.30/flexmark-ext-gfm-users-0.34.30.jar:/Users/muzi/.m2/repository/com/vladsch/flexmark/flexmark-ext-gitlab/0.34.30/flexmark-ext-gitlab-0.34.30.jar:/Users/muzi/.m2/repository/com/vladsch/flexmark/flexmark-ext-jekyll-front-matter/0.34.30/flexmark-ext-jekyll-front-matter-0.34.30.jar:/Users/muzi/.m2/repository/com/vladsch/flexmark/flexmark-ext-jekyll-tag/0.34.30/flexmark-ext-jekyll-tag-0.34.30.jar:/Users/muzi/.m2/repository/com/vladsch/flexmark/flexmark-ext-media-tags/0.34.30/flexmark-ext-media-tags-0.34.30.jar:/Users/muzi/.m2/repository/com/vladsch/flexmark/flexmark-test-util/0.34.30/flexmark-test-util-0.34.30.jar:/Users/muzi/.m2/repository/com/vladsch/flexmark/flexmark-ext-ins/0.34.30/flexmark-ext-ins-0.34.30.jar:/Users/muzi/.m2/repository/com/vladsch/flexmark/flexmark-ext-xwiki-macros/0.34.30/flexmark-ext-xwiki-macros-0.34.30.jar:/Users/muzi/.m2/repository/com/vladsch/flexmark/flexmark-ext-superscript/0.34.30/flexmark-ext-superscript-0.34.30.jar:/Users/muzi/.m2/repository/com/vladsch/flexmark/flexmark-ext-tables/0.34.30/flexmark-ext-tables-0.34.30.jar:/Users/muzi/.m2/repository/com/vladsch/flexmark/flexmark-ext-toc/0.34.30/flexmark-ext-toc-0.34.30.jar:/Users/muzi/.m2/repository/com/vladsch/flexmark/flexmark-ext-typographic/0.34.30/flexmark-ext-typographic-0.34.30.jar:/Users/muzi/.m2/repository/com/vladsch/flexmark/flexmark-ext-wikilink/0.34.30/flexmark-ext-wikilink-0.34.30.jar:/Users/muzi/.m2/repository/com/vladsch/flexmark/flexmark-ext-yaml-front-matter/0.34.30/flexmark-ext-yaml-front-matter-0.34.30.jar:/Users/muzi/.m2/repository/com/vladsch/flexmark/flexmark-ext-youtube-embedded/0.34.30/flexmark-ext-youtube-embedded-0.34.30.jar:/Users/muzi/.m2/repository/com/vladsch/flexmark/flexmark-formatter/0.34.30/flexmark-formatter-0.34.30.jar:/Users/muzi/.m2/repository/com/vladsch/flexmark/flexmark-html-parser/0.34.30/flexmark-html-parser-0.34.30.jar:/Users/muzi/.m2/repository/com/vladsch/flexmark/flexmark-jira-converter/0.34.30/flexmark-jira-converter-0.34.30.jar:/Users/muzi/.m2/repository/com/vladsch/flexmark/flexmark-pdf-converter/0.34.30/flexmark-pdf-converter-0.34.30.jar:/Users/muzi/.m2/repository/com/openhtmltopdf/openhtmltopdf-core/0.0.1-RC13/openhtmltopdf-core-0.0.1-RC13.jar:/Users/muzi/.m2/repository/com/openhtmltopdf/openhtmltopdf-pdfbox/0.0.1-RC13/openhtmltopdf-pdfbox-0.0.1-RC13.jar:/Users/muzi/.m2/repository/org/apache/pdfbox/pdfbox/2.0.8/pdfbox-2.0.8.jar:/Users/muzi/.m2/repository/org/apache/pdfbox/fontbox/2.0.8/fontbox-2.0.8.jar:/Users/muzi/.m2/repository/org/apache/pdfbox/xmpbox/2.0.8/xmpbox-2.0.8.jar:/Users/muzi/.m2/repository/de/rototor/pdfbox/graphics2d/0.12/graphics2d-0.12.jar:/Users/muzi/.m2/repository/com/openhtmltopdf/openhtmltopdf-rtl-support/0.0.1-RC13/openhtmltopdf-rtl-support-0.0.1-RC13.jar:/Users/muzi/.m2/repository/com/ibm/icu/icu4j/59.1/icu4j-59.1.jar:/Users/muzi/.m2/repository/com/openhtmltopdf/openhtmltopdf-jsoup-dom-converter/0.0.1-RC13/openhtmltopdf-jsoup-dom-converter-0.0.1-RC13.jar:/Users/muzi/.m2/repository/com/vladsch/flexmark/flexmark-profile-pegdown/0.34.30/flexmark-profile-pegdown-0.34.30.jar:/Users/muzi/.m2/repository/com/vladsch/flexmark/flexmark-util/0.34.30/flexmark-util-0.34.30.jar:/Users/muzi/.m2/repository/com/vladsch/flexmark/flexmark-youtrack-converter/0.34.30/flexmark-youtrack-converter-0.34.30.jar:/Users/muzi/.m2/repository/net/serenity-bdd/serenity-junit/2.2.8/serenity-junit-2.2.8.jar:/Users/muzi/.m2/repository/net/serenity-bdd/serenity-screenplay/2.2.8/serenity-screenplay-2.2.8.jar:/Users/muzi/.m2/repository/ch/qos/logback/logback-classic/1.0.13/logback-classic-1.0.13.jar:/Users/muzi/.m2/repository/ch/qos/logback/logback-core/1.0.13/logback-core-1.0.13.jar:/Users/muzi/.m2/repository/org/apache/logging/log4j/log4j-core/2.8.2/log4j-core-2.8.2.jar:/Users/muzi/.m2/repository/org/apache/logging/log4j/log4j-api/2.8.2/log4j-api-2.8.2.jar:/Users/muzi/.m2/repository/net/serenity-bdd/serenity-rest-assured/2.2.8/serenity-rest-assured-2.2.8.jar:/Users/muzi/.m2/repository/org/codehaus/groovy/groovy-xml/2.5.5/groovy-xml-2.5.5.jar:/Users/muzi/.m2/repository/org/codehaus/groovy/groovy-json/2.5.5/groovy-json-2.5.5.jar:/Users/muzi/.m2/repository/org/testng/testng/7.1.0/testng-7.1.0.jar:/Users/muzi/.m2/repository/com/beust/jcommander/1.72/jcommander-1.72.jar:/Users/muzi/.m2/repository/com/google/inject/guice/4.1.0/guice-4.1.0-no_aop.jar:/Users/muzi/.m2/repository/org/seleniumhq/selenium/selenium-server/3.141.59/selenium-server-3.141.59.jar:/Users/muzi/.m2/repository/org/seleniumhq/selenium/selenium-firefox-driver/3.141.59/selenium-firefox-driver-3.141.59.jar:/Users/muzi/.m2/repository/org/seleniumhq/selenium/selenium-ie-driver/3.141.59/selenium-ie-driver-3.141.59.jar:/Users/muzi/.m2/repository/org/apache/commons/commons-exec/1.3/commons-exec-1.3.jar:/Users/muzi/.m2/repository/net/jcip/jcip-annotations/1.0/jcip-annotations-1.0.jar:/Users/muzi/.m2/repository/org/seleniumhq/selenium/jetty-repacked/9.4.12.v20180830/jetty-repacked-9.4.12.v20180830.jar:/Users/muzi/.m2/repository/com/squareup/okhttp3/okhttp/3.11.0/okhttp-3.11.0.jar:/Users/muzi/.m2/repository/com/squareup/okio/okio/1.14.0/okio-1.14.0.jar:/Users/muzi/.m2/repository/javax/servlet/javax.servlet-api/3.1.0/javax.servlet-api-3.1.0.jar:/Users/muzi/.m2/repository/io/vavr/vavr/0.10.3/vavr-0.10.3.jar:/Users/muzi/.m2/repository/io/vavr/vavr-match/0.10.3/vavr-match-0.10.3.jar:/Users/muzi/.m2/repository/com/fasterxml/jackson/datatype/jackson-datatype-jsr310/2.11.0/jackson-datatype-jsr310-2.11.0.jar:/Users/muzi/.m2/repository/com/fasterxml/jackson/core/jackson-annotations/2.11.0/jackson-annotations-2.11.0.jar:/Users/muzi/.m2/repository/com/fasterxml/jackson/core/jackson-core/2.11.0/jackson-core-2.11.0.jar:/Users/muzi/.m2/repository/com/fasterxml/jackson/core/jackson-databind/2.11.0/jackson-databind-2.11.0.jar:/Users/muzi/.m2/repository/org/junit/contrib/junit-theories/4.12/junit-theories-4.12.jar:/Users/muzi/.m2/repository/org/javaruntype/javaruntype/1.2/javaruntype-1.2.jar:/Users/muzi/.m2/repository/org/antlr/antlr-runtime/3.1.2/antlr-runtime-3.1.2.jar:/Users/muzi/.m2/repository/com/github/stefanbirkner/system-rules/1.19.0/system-rules-1.19.0.jar:/Users/muzi/.m2/repository/org/seleniumhq/selenium/selenium-java/3.141.5/selenium-java-3.141.5.jar:/Users/muzi/.m2/repository/com/google/guava/guava/25.0-jre/guava-25.0-jre.jar:/Users/muzi/.m2/repository/com/google/code/findbugs/jsr305/1.3.9/jsr305-1.3.9.jar:/Users/muzi/.m2/repository/org/checkerframework/checker-compat-qual/2.0.0/checker-compat-qual-2.0.0.jar:/Users/muzi/.m2/repository/com/google/errorprone/error_prone_annotations/2.1.3/error_prone_annotations-2.1.3.jar:/Users/muzi/.m2/repository/com/google/j2objc/j2objc-annotations/1.1/j2objc-annotations-1.1.jar:/Users/muzi/.m2/repository/org/codehaus/mojo/animal-sniffer-annotations/1.14/animal-sniffer-annotations-1.14.jar:/Users/muzi/.m2/repository/io/github/bonigarcia/webdrivermanager/3.8.1/webdrivermanager-3.8.1.jar:/Users/muzi/.m2/repository/org/rauschig/jarchivelib/1.0.0/jarchivelib-1.0.0.jar:/Users/muzi/.m2/repository/org/apache/commons/commons-compress/1.18/commons-compress-1.18.jar:/Users/muzi/.m2/repository/org/jtwig/jtwig-core/5.87.0.RELEASE/jtwig-core-5.87.0.RELEASE.jar:/Users/muzi/.m2/repository/org/jtwig/jtwig-reflection/5.87.0.RELEASE/jtwig-reflection-5.87.0.RELEASE.jar:/Users/muzi/.m2/repository/org/parboiled/parboiled-java/1.1.7/parboiled-java-1.1.7.jar:/Users/muzi/.m2/repository/org/parboiled/parboiled-core/1.1.7/parboiled-core-1.1.7.jar:/Users/muzi/.m2/repository/org/ow2/asm/asm-tree/5.0.3/asm-tree-5.0.3.jar:/Users/muzi/.m2/repository/org/ow2/asm/asm-analysis/5.0.3/asm-analysis-5.0.3.jar:/Users/muzi/.m2/repository/org/ow2/asm/asm-util/5.0.3/asm-util-5.0.3.jar:/Users/muzi/.m2/repository/com/googlecode/concurrentlinkedhashmap/concurrentlinkedhashmap-lru/1.4.2/concurrentlinkedhashmap-lru-1.4.2.jar:/Users/muzi/.m2/repository/com/mashape/unirest/unirest-java/1.4.9/unirest-java-1.4.9.jar:/Users/muzi/.m2/repository/org/apache/httpcomponents/httpasyncclient/4.1.1/httpasyncclient-4.1.1.jar:/Users/muzi/.m2/repository/org/apache/httpcomponents/httpcore-nio/4.4.4/httpcore-nio-4.4.4.jar:/Users/muzi/.m2/repository/org/json/json/20160212/json-20160212.jar:/Users/muzi/.m2/repository/org/assertj/assertj-core/3.6.2/assertj-core-3.6.2.jar:/Users/muzi/.m2/repository/junit/junit/4.13/junit-4.13.jar:/Users/muzi/.m2/repository/io/rest-assured/rest-assured/3.3.0/rest-assured-3.3.0.jar:/Users/muzi/.m2/repository/org/ccil/cowan/tagsoup/tagsoup/1.2.1/tagsoup-1.2.1.jar:/Users/muzi/.m2/repository/io/rest-assured/xml-path/3.3.0/xml-path-3.3.0.jar:/Users/muzi/.m2/repository/com/sun/xml/bind/jaxb-osgi/2.2.10/jaxb-osgi-2.2.10.jar:/Users/muzi/.m2/repository/org/apache/sling/org.apache.sling.javax.activation/0.1.0/org.apache.sling.javax.activation-0.1.0.jar:/Users/muzi/.m2/repository/io/rest-assured/json-schema-validator/4.3.0/json-schema-validator-4.3.0.jar:/Users/muzi/.m2/repository/com/github/java-json-tools/json-schema-validator/2.2.10/json-schema-validator-2.2.10.jar:/Users/muzi/.m2/repository/com/github/java-json-tools/json-schema-core/1.2.10/json-schema-core-1.2.10.jar:/Users/muzi/.m2/repository/com/github/java-json-tools/jackson-coreutils/1.9/jackson-coreutils-1.9.jar:/Users/muzi/.m2/repository/com/github/fge/msg-simple/1.1/msg-simple-1.1.jar:/Users/muzi/.m2/repository/com/github/fge/btf/1.2/btf-1.2.jar:/Users/muzi/.m2/repository/com/github/fge/uri-template/0.9/uri-template-0.9.jar:/Users/muzi/.m2/repository/org/mozilla/rhino/1.7.7.1/rhino-1.7.7.1.jar:/Users/muzi/.m2/repository/javax/mail/mailapi/1.4.3/mailapi-1.4.3.jar:/Users/muzi/.m2/repository/com/googlecode/libphonenumber/libphonenumber/8.0.0/libphonenumber-8.0.0.jar:/Users/muzi/.m2/repository/net/sf/jopt-simple/jopt-simple/5.0.3/jopt-simple-5.0.3.jar:/Users/muzi/.m2/repository/org/hamcrest/hamcrest/2.1/hamcrest-2.1.jar:/Users/muzi/.m2/repository/io/rest-assured/json-path/4.3.0/json-path-4.3.0.jar:/Users/muzi/.m2/repository/io/rest-assured/rest-assured-common/4.3.0/rest-assured-common-4.3.0.jar:/Users/muzi/.m2/repository/org/seleniumhq/selenium/selenium-leg-rc/3.5.1/selenium-leg-rc-3.5.1.jar:/Users/muzi/.m2/repository/org/apache/ant/ant/1.9.6/ant-1.9.6.jar:/Users/muzi/.m2/repository/org/apache/ant/ant-launcher/1.9.6/ant-launcher-1.9.6.jar:/Users/muzi/.m2/repository/org/beanshell/bsh/2.0b4/bsh-2.0b4.jar:/Users/muzi/.m2/repository/cglib/cglib-nodep/3.2.4/cglib-nodep-3.2.4.jar:/Users/muzi/.m2/repository/org/apache/httpcomponents/httpcore/4.4.6/httpcore-4.4.6.jar:/Users/muzi/.m2/repository/net/java/dev/jna/jna/4.1.0/jna-4.1.0.jar:/Users/muzi/.m2/repository/net/java/dev/jna/jna-platform/4.1.0/jna-platform-4.1.0.jar:/Users/muzi/.m2/repository/org/hamcrest/hamcrest-all/1.3/hamcrest-all-1.3.jar:/Users/muzi/.m2/repository/org/apache/maven/plugins/maven-surefire-report-plugin/3.0.0-M4/maven-surefire-report-plugin-3.0.0-M4.jar:/Users/muzi/.m2/repository/org/apache/maven/surefire/surefire-report-parser/3.0.0-M4/surefire-report-parser-3.0.0-M4.jar:/Users/muzi/.m2/repository/org/apache/maven/surefire/surefire-logger-api/3.0.0-M4/surefire-logger-api-3.0.0-M4.jar:/Users/muzi/.m2/repository/org/apache/maven/reporting/maven-reporting-api/3.0/maven-reporting-api-3.0.jar:/Users/muzi/.m2/repository/org/apache/maven/maven-plugin-api/3.0/maven-plugin-api-3.0.jar:/Users/muzi/.m2/repository/org/apache/maven/maven-model/3.0/maven-model-3.0.jar:/Users/muzi/.m2/repository/org/apache/maven/maven-artifact/3.0/maven-artifact-3.0.jar:/Users/muzi/.m2/repository/org/sonatype/sisu/sisu-inject-plexus/1.4.2/sisu-inject-plexus-1.4.2.jar:/Users/muzi/.m2/repository/org/codehaus/plexus/plexus-classworlds/2.2.3/plexus-classworlds-2.2.3.jar:/Users/muzi/.m2/repository/org/sonatype/sisu/sisu-inject-bean/1.4.2/sisu-inject-bean-1.4.2.jar:/Users/muzi/.m2/repository/org/sonatype/sisu/sisu-guice/2.1.7/sisu-guice-2.1.7-noaop.jar:/Users/muzi/.m2/repository/org/apache/maven/reporting/maven-reporting-impl/3.0.0/maven-reporting-impl-3.0.0.jar:/Users/muzi/.m2/repository/org/apache/maven/maven-core/3.0/maven-core-3.0.jar:/Users/muzi/.m2/repository/org/apache/maven/maven-settings/3.0/maven-settings-3.0.jar:/Users/muzi/.m2/repository/org/apache/maven/maven-settings-builder/3.0/maven-settings-builder-3.0.jar:/Users/muzi/.m2/repository/org/apache/maven/maven-repository-metadata/3.0/maven-repository-metadata-3.0.jar:/Users/muzi/.m2/repository/org/apache/maven/maven-model-builder/3.0/maven-model-builder-3.0.jar:/Users/muzi/.m2/repository/org/apache/maven/maven-aether-provider/3.0/maven-aether-provider-3.0.jar:/Users/muzi/.m2/repository/org/sonatype/aether/aether-impl/1.7/aether-impl-1.7.jar:/Users/muzi/.m2/repository/org/sonatype/aether/aether-spi/1.7/aether-spi-1.7.jar:/Users/muzi/.m2/repository/org/sonatype/aether/aether-api/1.7/aether-api-1.7.jar:/Users/muzi/.m2/repository/org/sonatype/aether/aether-util/1.7/aether-util-1.7.jar:/Users/muzi/.m2/repository/org/codehaus/plexus/plexus-interpolation/1.14/plexus-interpolation-1.14.jar:/Users/muzi/.m2/repository/org/sonatype/plexus/plexus-sec-dispatcher/1.3/plexus-sec-dispatcher-1.3.jar:/Users/muzi/.m2/repository/org/sonatype/plexus/plexus-cipher/1.4/plexus-cipher-1.4.jar:/Users/muzi/.m2/repository/org/apache/maven/shared/maven-shared-utils/3.2.0/maven-shared-utils-3.2.0.jar:/Users/muzi/.m2/repository/org/apache/maven/doxia/doxia-sink-api/1.9/doxia-sink-api-1.9.jar:/Users/muzi/.m2/repository/org/apache/maven/doxia/doxia-logging-api/1.9/doxia-logging-api-1.9.jar:/Users/muzi/.m2/repository/org/apache/maven/doxia/doxia-decoration-model/1.9.1/doxia-decoration-model-1.9.1.jar:/Users/muzi/.m2/repository/org/codehaus/plexus/plexus-component-annotations/1.7.1/plexus-component-annotations-1.7.1.jar:/Users/muzi/.m2/repository/org/apache/maven/doxia/doxia-core/1.9/doxia-core-1.9.jar:/Users/muzi/.m2/repository/org/codehaus/plexus/plexus-container-default/1.7.1/plexus-container-default-1.7.1.jar:/Users/muzi/.m2/repository/org/apache/xbean/xbean-reflect/3.7/xbean-reflect-3.7.jar:/Users/muzi/.m2/repository/com/google/collections/google-collections/1.0/google-collections-1.0.jar:/Users/muzi/.m2/repository/org/apache/maven/doxia/doxia-site-renderer/1.9.1/doxia-site-renderer-1.9.1.jar:/Users/muzi/.m2/repository/org/apache/maven/doxia/doxia-skin-model/1.9.1/doxia-skin-model-1.9.1.jar:/Users/muzi/.m2/repository/org/apache/maven/doxia/doxia-module-xhtml/1.9/doxia-module-xhtml-1.9.jar:/Users/muzi/.m2/repository/org/apache/maven/doxia/doxia-module-xhtml5/1.9/doxia-module-xhtml5-1.9.jar:/Users/muzi/.m2/repository/org/codehaus/plexus/plexus-i18n/1.0-beta-10/plexus-i18n-1.0-beta-10.jar:/Users/muzi/.m2/repository/org/codehaus/plexus/plexus-velocity/1.2/plexus-velocity-1.2.jar:/Users/muzi/.m2/repository/org/apache/velocity/velocity-tools/2.0/velocity-tools-2.0.jar:/Users/muzi/.m2/repository/commons-chain/commons-chain/1.1/commons-chain-1.1.jar:/Users/muzi/.m2/repository/dom4j/dom4j/1.1/dom4j-1.1.jar:/Users/muzi/.m2/repository/oro/oro/2.0.8/oro-2.0.8.jar:/Users/muzi/.m2/repository/sslext/sslext/1.2-0/sslext-1.2-0.jar:/Users/muzi/.m2/repository/org/apache/struts/struts-core/1.3.8/struts-core-1.3.8.jar:/Users/muzi/.m2/repository/antlr/antlr/2.7.2/antlr-2.7.2.jar:/Users/muzi/.m2/repository/org/apache/struts/struts-taglib/1.3.8/struts-taglib-1.3.8.jar:/Users/muzi/.m2/repository/org/apache/struts/struts-tiles/1.3.8/struts-tiles-1.3.8.jar:/Users/muzi/.m2/repository/commons-lang/commons-lang/2.6/commons-lang-2.6.jar:/Users/muzi/.m2/repository/com/aventstack/extentreports/3.0.5/extentreports-3.0.5.jar:/Users/muzi/.m2/repository/org/mongodb/mongodb-driver/3.3.0/mongodb-driver-3.3.0.jar:/Users/muzi/.m2/repository/org/mongodb/bson/3.3.0/bson-3.3.0.jar:/Users/muzi/.m2/repository/org/mongodb/mongodb-driver-core/3.3.0/mongodb-driver-core-3.3.0.jar:/Users/muzi/.m2/repository/org/apache/maven/plugins/maven-surefire-plugin/3.0.0-M4/maven-surefire-plugin-3.0.0-M4.jar:/Users/muzi/.m2/repository/org/apache/maven/surefire/maven-surefire-common/3.0.0-M4/maven-surefire-common-3.0.0-M4.jar:/Users/muzi/.m2/repository/org/apache/maven/surefire/surefire-api/3.0.0-M4/surefire-api-3.0.0-M4.jar:/Users/muzi/.m2/repository/org/apache/maven/surefire/surefire-extensions-api/3.0.0-M4/surefire-extensions-api-3.0.0-M4.jar:/Users/muzi/.m2/repository/org/apache/maven/surefire/surefire-booter/3.0.0-M4/surefire-booter-3.0.0-M4.jar:/Users/muzi/.m2/repository/org/apache/maven/maven-toolchain/3.0-alpha-2/maven-toolchain-3.0-alpha-2.jar:/Users/muzi/.m2/repository/org/apache/maven/shared/maven-artifact-transfer/0.11.0/maven-artifact-transfer-0.11.0.jar:/Users/muzi/.m2/repository/org/apache/maven/shared/maven-common-artifact-filters/3.0.1/maven-common-artifact-filters-3.0.1.jar:/Users/muzi/.m2/repository/org/codehaus/plexus/plexus-java/1.0.3/plexus-java-1.0.3.jar:/Users/muzi/.m2/repository/com/thoughtworks/qdox/qdox/2.0-M9/qdox-2.0-M9.jar:/Users/muzi/.m2/repository/io/cucumber/cucumber-java/5.7.0/cucumber-java-5.7.0.jar:/Users/muzi/.m2/repository/org/apiguardian/apiguardian-api/1.1.0/apiguardian-api-1.1.0.jar:/Users/muzi/.m2/repository/io/cucumber/cucumber-junit/5.7.0/cucumber-junit-5.7.0.jar:/Users/muzi/.m2/repository/io/cucumber/cucumber-core/5.7.0/cucumber-core-5.7.0.jar:/Users/muzi/.m2/repository/io/cucumber/cucumber-gherkin/5.7.0/cucumber-gherkin-5.7.0.jar:/Users/muzi/.m2/repository/io/cucumber/cucumber-gherkin-vintage/5.7.0/cucumber-gherkin-vintage-5.7.0.jar:/Users/muzi/.m2/repository/io/cucumber/tag-expressions/2.0.4/tag-expressions-2.0.4.jar:/Users/muzi/.m2/repository/io/cucumber/cucumber-expressions/8.3.1/cucumber-expressions-8.3.1.jar:/Users/muzi/.m2/repository/io/cucumber/datatable/3.3.1/datatable-3.3.1.jar:/Users/muzi/.m2/repository/io/cucumber/cucumber-plugin/5.7.0/cucumber-plugin-5.7.0.jar:/Users/muzi/.m2/repository/io/cucumber/docstring/5.7.0/docstring-5.7.0.jar:/Users/muzi/.m2/repository/io/cucumber/gherkin/13.0.0/gherkin-13.0.0.jar:/Users/muzi/.m2/repository/io/cucumber/messages/12.0.0/messages-12.0.0.jar:/Users/muzi/.m2/repository/io/cucumber/cucumber-testng/5.7.0/cucumber-testng-5.7.0.jar:/Users/muzi/.m2/repository/io/cucumber/cucumber-picocontainer/5.7.0/cucumber-picocontainer-5.7.0.jar:/Users/muzi/.m2/repository/org/picocontainer/picocontainer/2.15/picocontainer-2.15.jar:/Users/muzi/.m2/repository/org/freemarker/freemarker/2.3.26-incubating/freemarker-2.3.26-incubating.jar:/Users/muzi/.m2/repository/net/masterthought/cucumber-reporting/3.6.0/cucumber-reporting-3.6.0.jar:/Users/muzi/.m2/repository/org/apache/velocity/velocity/1.7/velocity-1.7.jar:/Users/muzi/.m2/repository/velocity-tools/velocity-tools/1.4/velocity-tools-1.4.jar:/Users/muzi/.m2/repository/net/lingala/zip4j/zip4j/1.3.2/zip4j-1.3.2.jar:/Users/muzi/.m2/repository/org/codehaus/plexus/plexus-utils/3.0.24/plexus-utils-3.0.24.jar:/Users/muzi/.m2/repository/com/vimalselvam/cucumber-extentsreport/2.0.4/cucumber-extentsreport-2.0.4.jar:/Users/muzi/.m2/repository/org/springframework/spring-context/5.2.0.RELEASE/spring-context-5.2.0.RELEASE.jar:/Users/muzi/.m2/repository/org/springframework/spring-aop/5.2.0.RELEASE/spring-aop-5.2.0.RELEASE.jar:/Users/muzi/.m2/repository/org/springframework/spring-beans/5.2.0.RELEASE/spring-beans-5.2.0.RELEASE.jar:/Users/muzi/.m2/repository/org/springframework/spring-core/5.2.0.RELEASE/spring-core-5.2.0.RELEASE.jar:/Users/muzi/.m2/repository/org/springframework/spring-jcl/5.2.0.RELEASE/spring-jcl-5.2.0.RELEASE.jar:/Users/muzi/.m2/repository/org/springframework/spring-expression/5.2.0.RELEASE/spring-expression-5.2.0.RELEASE.jar:/Users/muzi/.m2/repository/com/jayway/restassured/json-path/2.8.0/json-path-2.8.0.jar:/Users/muzi/.m2/repository/com/jayway/restassured/rest-assured-common/2.8.0/rest-assured-common-2.8.0.jar:/Users/muzi/.m2/repository/com/jayway/restassured/rest-assured/2.8.0/rest-assured-2.8.0.jar:/Users/muzi/.m2/repository/com/jayway/restassured/xml-path/2.8.0/xml-path-2.8.0.jar:/Users/muzi/.m2/repository/org/glassfish/jersey/core/jersey-client/2.22.2/jersey-client-2.22.2.jar:/Users/muzi/.m2/repository/javax/ws/rs/javax.ws.rs-api/2.0.1/javax.ws.rs-api-2.0.1.jar:/Users/muzi/.m2/repository/org/glassfish/jersey/core/jersey-common/2.22.2/jersey-common-2.22.2.jar:/Users/muzi/.m2/repository/javax/annotation/javax.annotation-api/1.2/javax.annotation-api-1.2.jar:/Users/muzi/.m2/repository/org/glassfish/jersey/bundles/repackaged/jersey-guava/2.22.2/jersey-guava-2.22.2.jar:/Users/muzi/.m2/repository/org/glassfish/hk2/osgi-resource-locator/1.0.1/osgi-resource-locator-1.0.1.jar:/Users/muzi/.m2/repository/org/glassfish/hk2/hk2-api/2.4.0-b34/hk2-api-2.4.0-b34.jar:/Users/muzi/.m2/repository/org/glassfish/hk2/hk2-utils/2.4.0-b34/hk2-utils-2.4.0-b34.jar:/Users/muzi/.m2/repository/org/glassfish/hk2/external/aopalliance-repackaged/2.4.0-b34/aopalliance-repackaged-2.4.0-b34.jar:/Users/muzi/.m2/repository/org/glassfish/hk2/external/javax.inject/2.4.0-b34/javax.inject-2.4.0-b34.jar:/Users/muzi/.m2/repository/org/glassfish/hk2/hk2-locator/2.4.0-b34/hk2-locator-2.4.0-b34.jar:/Users/muzi/.m2/repository/org/javassist/javassist/3.18.1-GA/javassist-3.18.1-GA.jar:/Users/muzi/.m2/repository/org/projectlombok/lombok/1.18.10/lombok-1.18.10.jar:/Users/muzi/.m2/repository/org/junit/jupiter/junit-jupiter/5.7.0-M1/junit-jupiter-5.7.0-M1.jar:/Users/muzi/.m2/repository/org/junit/jupiter/junit-jupiter-api/5.7.0-M1/junit-jupiter-api-5.7.0-M1.jar:/Users/muzi/.m2/repository/org/opentest4j/opentest4j/1.2.0/opentest4j-1.2.0.jar:/Users/muzi/.m2/repository/org/junit/platform/junit-platform-commons/1.7.0-M1/junit-platform-commons-1.7.0-M1.jar:/Users/muzi/.m2/repository/org/junit/jupiter/junit-jupiter-params/5.7.0-M1/junit-jupiter-params-5.7.0-M1.jar:/Users/muzi/.m2/repository/org/junit/jupiter/junit-jupiter-engine/5.7.0-M1/junit-jupiter-engine-5.7.0-M1.jar:/Users/muzi/.m2/repository/org/junit/platform/junit-platform-engine/1.7.0-M1/junit-platform-engine-1.7.0-M1.jar:"/>
    <property name="java.vm.vendor" value="Oracle Corporation"/>
    <property name="sun.arch.data.model" value="64"/>
    <property name="java.vendor.url" value="http://java.oracle.com/"/>
    <property name="user.timezone" value="Europe/Warsaw"/>
    <property name="java.vm.specification.version" value="1.8"/>
    <property name="os.name" value="Mac OS X"/>
    <property name="user.country" value="PL"/>
    <property name="sun.java.launcher" value="SUN_STANDARD"/>
    <property name="sun.boot.library.path" value="/Library/Java/JavaVirtualMachines/jdk1.8.0_241.jdk/Contents/Home/jre/lib"/>
    <property name="sun.java.command" value="/Users/muzi/IdeaProjects/firstseleniumtest2/target/surefire/surefirebooter2369669661307357844.jar /Users/muzi/IdeaProjects/firstseleniumtest2/target/surefire 2020-06-06T20-10-08_995-jvmRun1 surefire1392948369079562848tmp surefire_03223967590127085228tmp"/>
    <property name="http.nonProxyHosts" value="local|*.local|169.254/16|*.169.254/16"/>
    <property name="surefire.test.class.path" value="/Users/muzi/IdeaProjects/firstseleniumtest2/target/test-classes:/Users/muzi/IdeaProjects/firstseleniumtest2/target/classes:/Users/muzi/.m2/repository/org/fluttercode/datafactory/datafactory/0.8/datafactory-0.8.jar:/Users/muzi/.m2/repository/com/github/javafaker/javafaker/0.15/javafaker-0.15.jar:/Users/muzi/.m2/repository/org/apache/commons/commons-lang3/3.5/commons-lang3-3.5.jar:/Users/muzi/.m2/repository/org/yaml/snakeyaml/1.20/snakeyaml-1.20-android.jar:/Users/muzi/.m2/repository/com/github/mifmif/generex/1.0.2/generex-1.0.2.jar:/Users/muzi/.m2/repository/dk/brics/automaton/automaton/1.11-8/automaton-1.11-8.jar:/Users/muzi/.m2/repository/com/devskiller/jfairy/0.6.0/jfairy-0.6.0.jar:/Users/muzi/.m2/repository/org/yaml/snakeyaml/1.20/snakeyaml-1.20.jar:/Users/muzi/.m2/repository/org/apache/commons/commons-math3/3.6.1/commons-math3-3.6.1.jar:/Users/muzi/.m2/repository/org/slf4j/slf4j-api/1.7.25/slf4j-api-1.7.25.jar:/Users/muzi/.m2/repository/com/google/inject/guice/4.2.0/guice-4.2.0.jar:/Users/muzi/.m2/repository/javax/inject/javax.inject/1/javax.inject-1.jar:/Users/muzi/.m2/repository/aopalliance/aopalliance/1.0/aopalliance-1.0.jar:/Users/muzi/.m2/repository/com/google/inject/extensions/guice-assistedinject/4.2.0/guice-assistedinject-4.2.0.jar:/Users/muzi/.m2/repository/org/iban4j/iban4j/3.2.1/iban4j-3.2.1.jar:/Users/muzi/.m2/repository/org/codehaus/groovy/groovy-all/2.4.14/groovy-all-2.4.14.jar:/Users/muzi/.m2/repository/io/qameta/allure/allure-junit4/2.13.3/allure-junit4-2.13.3.jar:/Users/muzi/.m2/repository/io/qameta/allure/allure-java-commons/2.13.3/allure-java-commons-2.13.3.jar:/Users/muzi/.m2/repository/io/qameta/allure/allure-model/2.13.3/allure-model-2.13.3.jar:/Users/muzi/.m2/repository/org/apache/tika/tika-core/1.20/tika-core-1.20.jar:/Users/muzi/.m2/repository/org/jooq/joor-java-8/0.9.10/joor-java-8-0.9.10.jar:/Users/muzi/.m2/repository/net/serenity-bdd/serenity-core/2.2.8/serenity-core-2.2.8.jar:/Users/muzi/.m2/repository/net/bytebuddy/byte-buddy/1.10.1/byte-buddy-1.10.1.jar:/Users/muzi/.m2/repository/net/bytebuddy/byte-buddy-agent/1.10.1/byte-buddy-agent-1.10.1.jar:/Users/muzi/.m2/repository/org/ow2/asm/asm/7.2/asm-7.2.jar:/Users/muzi/.m2/repository/commons-codec/commons-codec/1.10/commons-codec-1.10.jar:/Users/muzi/.m2/repository/org/objenesis/objenesis/3.0.1/objenesis-3.0.1.jar:/Users/muzi/.m2/repository/xml-apis/xml-apis/1.4.01/xml-apis-1.4.01.jar:/Users/muzi/.m2/repository/commons-logging/commons-logging/1.2/commons-logging-1.2.jar:/Users/muzi/.m2/repository/javax/xml/bind/jaxb-api/2.2.12/jaxb-api-2.2.12.jar:/Users/muzi/.m2/repository/com/sun/xml/bind/jaxb-core/2.3.0.1/jaxb-core-2.3.0.1.jar:/Users/muzi/.m2/repository/com/sun/xml/bind/jaxb-impl/2.3.0.1/jaxb-impl-2.3.0.1.jar:/Users/muzi/.m2/repository/javax/activation/activation/1.1.1/activation-1.1.1.jar:/Users/muzi/.m2/repository/org/mockito/mockito-core/3.1.0/mockito-core-3.1.0.jar:/Users/muzi/.m2/repository/net/serenity-bdd/serenity-report-resources/2.2.8/serenity-report-resources-2.2.8.jar:/Users/muzi/.m2/repository/net/serenity-bdd/serenity-model/2.2.8/serenity-model-2.2.8.jar:/Users/muzi/.m2/repository/commons-net/commons-net/3.6/commons-net-3.6.jar:/Users/muzi/.m2/repository/org/apache/commons/commons-text/1.6/commons-text-1.6.jar:/Users/muzi/.m2/repository/org/reflections/reflections/0.9.11/reflections-0.9.11.jar:/Users/muzi/.m2/repository/es/nitaur/markdown/txtmark/0.16/txtmark-0.16.jar:/Users/muzi/.m2/repository/net/serenity-bdd/serenity-reports/2.2.8/serenity-reports-2.2.8.jar:/Users/muzi/.m2/repository/net/serenity-bdd/serenity-stats/2.2.8/serenity-stats-2.2.8.jar:/Users/muzi/.m2/repository/org/jetbrains/kotlin/kotlin-stdlib/1.3.31/kotlin-stdlib-1.3.31.jar:/Users/muzi/.m2/repository/org/jetbrains/kotlin/kotlin-stdlib-common/1.3.31/kotlin-stdlib-common-1.3.31.jar:/Users/muzi/.m2/repository/org/jetbrains/annotations/13.0/annotations-13.0.jar:/Users/muzi/.m2/repository/com/google/code/gson/gson/2.8.6/gson-2.8.6.jar:/Users/muzi/.m2/repository/commons-io/commons-io/2.6/commons-io-2.6.jar:/Users/muzi/.m2/repository/org/seleniumhq/selenium/selenium-api/3.141.59/selenium-api-3.141.59.jar:/Users/muzi/.m2/repository/org/seleniumhq/selenium/selenium-chrome-driver/3.141.59/selenium-chrome-driver-3.141.59.jar:/Users/muzi/.m2/repository/org/seleniumhq/selenium/selenium-edge-driver/3.141.59/selenium-edge-driver-3.141.59.jar:/Users/muzi/.m2/repository/org/seleniumhq/selenium/selenium-remote-driver/3.141.59/selenium-remote-driver-3.141.59.jar:/Users/muzi/.m2/repository/org/seleniumhq/selenium/selenium-safari-driver/3.141.59/selenium-safari-driver-3.141.59.jar:/Users/muzi/.m2/repository/org/seleniumhq/selenium/selenium-opera-driver/3.141.59/selenium-opera-driver-3.141.59.jar:/Users/muzi/.m2/repository/org/seleniumhq/selenium/selenium-support/3.141.59/selenium-support-3.141.59.jar:/Users/muzi/.m2/repository/com/paulhammant/ngwebdriver/1.1.4/ngwebdriver-1.1.4.jar:/Users/muzi/.m2/repository/com/assertthat/selenium-shutterbug/0.9.3/selenium-shutterbug-0.9.3.jar:/Users/muzi/.m2/repository/com/github/zafarkhaja/java-semver/0.9.0/java-semver-0.9.0.jar:/Users/muzi/.m2/repository/com/codeborne/phantomjsdriver/1.4.4/phantomjsdriver-1.4.4.jar:/Users/muzi/.m2/repository/org/seleniumhq/selenium/htmlunit-driver/2.37.0/htmlunit-driver-2.37.0.jar:/Users/muzi/.m2/repository/io/appium/java-client/7.3.0/java-client-7.3.0.jar:/Users/muzi/.m2/repository/commons-validator/commons-validator/1.6/commons-validator-1.6.jar:/Users/muzi/.m2/repository/commons-beanutils/commons-beanutils/1.9.2/commons-beanutils-1.9.2.jar:/Users/muzi/.m2/repository/commons-digester/commons-digester/1.8.1/commons-digester-1.8.1.jar:/Users/muzi/.m2/repository/org/aspectj/aspectjweaver/1.9.4/aspectjweaver-1.9.4.jar:/Users/muzi/.m2/repository/org/springframework/spring-context-support/5.1.2.RELEASE/spring-context-support-5.1.2.RELEASE.jar:/Users/muzi/.m2/repository/org/codehaus/groovy/groovy/2.5.5/groovy-2.5.5.jar:/Users/muzi/.m2/repository/net/sf/opencsv/opencsv/2.0/opencsv-2.0.jar:/Users/muzi/.m2/repository/commons-beanutils/commons-beanutils-core/1.8.3/commons-beanutils-core-1.8.3.jar:/Users/muzi/.m2/repository/joda-time/joda-time/2.7/joda-time-2.7.jar:/Users/muzi/.m2/repository/com/thoughtworks/xstream/xstream/1.4.9/xstream-1.4.9.jar:/Users/muzi/.m2/repository/xmlpull/xmlpull/1.1.3.1/xmlpull-1.1.3.1.jar:/Users/muzi/.m2/repository/xpp3/xpp3_min/1.1.4c/xpp3_min-1.1.4c.jar:/Users/muzi/.m2/repository/commons-collections/commons-collections/3.2.2/commons-collections-3.2.2.jar:/Users/muzi/.m2/repository/net/sourceforge/jexcelapi/jxl/2.6.12/jxl-2.6.12.jar:/Users/muzi/.m2/repository/org/hamcrest/hamcrest-core/1.3/hamcrest-core-1.3.jar:/Users/muzi/.m2/repository/org/hamcrest/hamcrest-library/1.3/hamcrest-library-1.3.jar:/Users/muzi/.m2/repository/net/sourceforge/htmlunit/htmlunit/2.37.0/htmlunit-2.37.0.jar:/Users/muzi/.m2/repository/net/sourceforge/htmlunit/htmlunit-core-js/2.37.0/htmlunit-core-js-2.37.0.jar:/Users/muzi/.m2/repository/net/sourceforge/htmlunit/neko-htmlunit/2.37.0/neko-htmlunit-2.37.0.jar:/Users/muzi/.m2/repository/xerces/xercesImpl/2.12.0/xercesImpl-2.12.0.jar:/Users/muzi/.m2/repository/net/sourceforge/htmlunit/htmlunit-cssparser/1.5.0/htmlunit-cssparser-1.5.0.jar:/Users/muzi/.m2/repository/org/brotli/dec/0.1.2/dec-0.1.2.jar:/Users/muzi/.m2/repository/org/eclipse/jetty/websocket/websocket-client/9.4.26.v20200117/websocket-client-9.4.26.v20200117.jar:/Users/muzi/.m2/repository/org/eclipse/jetty/jetty-client/9.4.26.v20200117/jetty-client-9.4.26.v20200117.jar:/Users/muzi/.m2/repository/org/eclipse/jetty/jetty-http/9.4.26.v20200117/jetty-http-9.4.26.v20200117.jar:/Users/muzi/.m2/repository/org/eclipse/jetty/jetty-xml/9.4.26.v20200117/jetty-xml-9.4.26.v20200117.jar:/Users/muzi/.m2/repository/org/eclipse/jetty/jetty-util/9.4.26.v20200117/jetty-util-9.4.26.v20200117.jar:/Users/muzi/.m2/repository/org/eclipse/jetty/jetty-io/9.4.26.v20200117/jetty-io-9.4.26.v20200117.jar:/Users/muzi/.m2/repository/org/eclipse/jetty/websocket/websocket-common/9.4.26.v20200117/websocket-common-9.4.26.v20200117.jar:/Users/muzi/.m2/repository/org/eclipse/jetty/websocket/websocket-api/9.4.26.v20200117/websocket-api-9.4.26.v20200117.jar:/Users/muzi/.m2/repository/org/apache/httpcomponents/httpclient/4.5.5/httpclient-4.5.5.jar:/Users/muzi/.m2/repository/org/apache/httpcomponents/httpmime/4.5.5/httpmime-4.5.5.jar:/Users/muzi/.m2/repository/org/fluentlenium/fluentlenium-core/0.10.2/fluentlenium-core-0.10.2.jar:/Users/muzi/.m2/repository/com/jhlabs/filters/2.0.235/filters-2.0.235.jar:/Users/muzi/.m2/repository/org/asciidoctor/asciidoctorj/1.5.6/asciidoctorj-1.5.6.jar:/Users/muzi/.m2/repository/org/jruby/jruby-complete/1.7.26/jruby-complete-1.7.26.jar:/Users/muzi/.m2/repository/org/imgscalr/imgscalr-lib/4.2/imgscalr-lib-4.2.jar:/Users/muzi/.m2/repository/javax/el/javax.el-api/2.2.4/javax.el-api-2.2.4.jar:/Users/muzi/.m2/repository/org/glassfish/web/javax.el/2.2.4/javax.el-2.2.4.jar:/Users/muzi/.m2/repository/xalan/xalan/2.7.2/xalan-2.7.2.jar:/Users/muzi/.m2/repository/xalan/serializer/2.7.2/serializer-2.7.2.jar:/Users/muzi/.m2/repository/org/awaitility/awaitility/4.0.1/awaitility-4.0.1.jar:/Users/muzi/.m2/repository/com/typesafe/config/1.3.1/config-1.3.1.jar:/Users/muzi/.m2/repository/org/jsoup/jsoup/1.10.3/jsoup-1.10.3.jar:/Users/muzi/.m2/repository/com/google/jimfs/jimfs/1.1/jimfs-1.1.jar:/Users/muzi/.m2/repository/com/vladsch/flexmark/flexmark-all/0.34.30/flexmark-all-0.34.30.jar:/Users/muzi/.m2/repository/com/vladsch/flexmark/flexmark/0.34.30/flexmark-0.34.30.jar:/Users/muzi/.m2/repository/com/vladsch/flexmark/flexmark-ext-abbreviation/0.34.30/flexmark-ext-abbreviation-0.34.30.jar:/Users/muzi/.m2/repository/com/vladsch/flexmark/flexmark-ext-admonition/0.34.30/flexmark-ext-admonition-0.34.30.jar:/Users/muzi/.m2/repository/com/vladsch/flexmark/flexmark-ext-anchorlink/0.34.30/flexmark-ext-anchorlink-0.34.30.jar:/Users/muzi/.m2/repository/com/vladsch/flexmark/flexmark-ext-aside/0.34.30/flexmark-ext-aside-0.34.30.jar:/Users/muzi/.m2/repository/com/vladsch/flexmark/flexmark-ext-attributes/0.34.30/flexmark-ext-attributes-0.34.30.jar:/Users/muzi/.m2/repository/com/vladsch/flexmark/flexmark-ext-autolink/0.34.30/flexmark-ext-autolink-0.34.30.jar:/Users/muzi/.m2/repository/org/nibor/autolink/autolink/0.6.0/autolink-0.6.0.jar:/Users/muzi/.m2/repository/com/vladsch/flexmark/flexmark-ext-definition/0.34.30/flexmark-ext-definition-0.34.30.jar:/Users/muzi/.m2/repository/com/vladsch/flexmark/flexmark-ext-emoji/0.34.30/flexmark-ext-emoji-0.34.30.jar:/Users/muzi/.m2/repository/com/vladsch/flexmark/flexmark-ext-enumerated-reference/0.34.30/flexmark-ext-enumerated-reference-0.34.30.jar:/Users/muzi/.m2/repository/com/vladsch/flexmark/flexmark-ext-escaped-character/0.34.30/flexmark-ext-escaped-character-0.34.30.jar:/Users/muzi/.m2/repository/com/vladsch/flexmark/flexmark-ext-footnotes/0.34.30/flexmark-ext-footnotes-0.34.30.jar:/Users/muzi/.m2/repository/com/vladsch/flexmark/flexmark-ext-gfm-issues/0.34.30/flexmark-ext-gfm-issues-0.34.30.jar:/Users/muzi/.m2/repository/com/vladsch/flexmark/flexmark-ext-gfm-strikethrough/0.34.30/flexmark-ext-gfm-strikethrough-0.34.30.jar:/Users/muzi/.m2/repository/com/vladsch/flexmark/flexmark-ext-gfm-tables/0.34.30/flexmark-ext-gfm-tables-0.34.30.jar:/Users/muzi/.m2/repository/com/vladsch/flexmark/flexmark-ext-gfm-tasklist/0.34.30/flexmark-ext-gfm-tasklist-0.34.30.jar:/Users/muzi/.m2/repository/com/vladsch/flexmark/flexmark-ext-gfm-users/0.34.30/flexmark-ext-gfm-users-0.34.30.jar:/Users/muzi/.m2/repository/com/vladsch/flexmark/flexmark-ext-gitlab/0.34.30/flexmark-ext-gitlab-0.34.30.jar:/Users/muzi/.m2/repository/com/vladsch/flexmark/flexmark-ext-jekyll-front-matter/0.34.30/flexmark-ext-jekyll-front-matter-0.34.30.jar:/Users/muzi/.m2/repository/com/vladsch/flexmark/flexmark-ext-jekyll-tag/0.34.30/flexmark-ext-jekyll-tag-0.34.30.jar:/Users/muzi/.m2/repository/com/vladsch/flexmark/flexmark-ext-media-tags/0.34.30/flexmark-ext-media-tags-0.34.30.jar:/Users/muzi/.m2/repository/com/vladsch/flexmark/flexmark-test-util/0.34.30/flexmark-test-util-0.34.30.jar:/Users/muzi/.m2/repository/com/vladsch/flexmark/flexmark-ext-ins/0.34.30/flexmark-ext-ins-0.34.30.jar:/Users/muzi/.m2/repository/com/vladsch/flexmark/flexmark-ext-xwiki-macros/0.34.30/flexmark-ext-xwiki-macros-0.34.30.jar:/Users/muzi/.m2/repository/com/vladsch/flexmark/flexmark-ext-superscript/0.34.30/flexmark-ext-superscript-0.34.30.jar:/Users/muzi/.m2/repository/com/vladsch/flexmark/flexmark-ext-tables/0.34.30/flexmark-ext-tables-0.34.30.jar:/Users/muzi/.m2/repository/com/vladsch/flexmark/flexmark-ext-toc/0.34.30/flexmark-ext-toc-0.34.30.jar:/Users/muzi/.m2/repository/com/vladsch/flexmark/flexmark-ext-typographic/0.34.30/flexmark-ext-typographic-0.34.30.jar:/Users/muzi/.m2/repository/com/vladsch/flexmark/flexmark-ext-wikilink/0.34.30/flexmark-ext-wikilink-0.34.30.jar:/Users/muzi/.m2/repository/com/vladsch/flexmark/flexmark-ext-yaml-front-matter/0.34.30/flexmark-ext-yaml-front-matter-0.34.30.jar:/Users/muzi/.m2/repository/com/vladsch/flexmark/flexmark-ext-youtube-embedded/0.34.30/flexmark-ext-youtube-embedded-0.34.30.jar:/Users/muzi/.m2/repository/com/vladsch/flexmark/flexmark-formatter/0.34.30/flexmark-formatter-0.34.30.jar:/Users/muzi/.m2/repository/com/vladsch/flexmark/flexmark-html-parser/0.34.30/flexmark-html-parser-0.34.30.jar:/Users/muzi/.m2/repository/com/vladsch/flexmark/flexmark-jira-converter/0.34.30/flexmark-jira-converter-0.34.30.jar:/Users/muzi/.m2/repository/com/vladsch/flexmark/flexmark-pdf-converter/0.34.30/flexmark-pdf-converter-0.34.30.jar:/Users/muzi/.m2/repository/com/openhtmltopdf/openhtmltopdf-core/0.0.1-RC13/openhtmltopdf-core-0.0.1-RC13.jar:/Users/muzi/.m2/repository/com/openhtmltopdf/openhtmltopdf-pdfbox/0.0.1-RC13/openhtmltopdf-pdfbox-0.0.1-RC13.jar:/Users/muzi/.m2/repository/org/apache/pdfbox/pdfbox/2.0.8/pdfbox-2.0.8.jar:/Users/muzi/.m2/repository/org/apache/pdfbox/fontbox/2.0.8/fontbox-2.0.8.jar:/Users/muzi/.m2/repository/org/apache/pdfbox/xmpbox/2.0.8/xmpbox-2.0.8.jar:/Users/muzi/.m2/repository/de/rototor/pdfbox/graphics2d/0.12/graphics2d-0.12.jar:/Users/muzi/.m2/repository/com/openhtmltopdf/openhtmltopdf-rtl-support/0.0.1-RC13/openhtmltopdf-rtl-support-0.0.1-RC13.jar:/Users/muzi/.m2/repository/com/ibm/icu/icu4j/59.1/icu4j-59.1.jar:/Users/muzi/.m2/repository/com/openhtmltopdf/openhtmltopdf-jsoup-dom-converter/0.0.1-RC13/openhtmltopdf-jsoup-dom-converter-0.0.1-RC13.jar:/Users/muzi/.m2/repository/com/vladsch/flexmark/flexmark-profile-pegdown/0.34.30/flexmark-profile-pegdown-0.34.30.jar:/Users/muzi/.m2/repository/com/vladsch/flexmark/flexmark-util/0.34.30/flexmark-util-0.34.30.jar:/Users/muzi/.m2/repository/com/vladsch/flexmark/flexmark-youtrack-converter/0.34.30/flexmark-youtrack-converter-0.34.30.jar:/Users/muzi/.m2/repository/net/serenity-bdd/serenity-junit/2.2.8/serenity-junit-2.2.8.jar:/Users/muzi/.m2/repository/net/serenity-bdd/serenity-screenplay/2.2.8/serenity-screenplay-2.2.8.jar:/Users/muzi/.m2/repository/ch/qos/logback/logback-classic/1.0.13/logback-classic-1.0.13.jar:/Users/muzi/.m2/repository/ch/qos/logback/logback-core/1.0.13/logback-core-1.0.13.jar:/Users/muzi/.m2/repository/org/apache/logging/log4j/log4j-core/2.8.2/log4j-core-2.8.2.jar:/Users/muzi/.m2/repository/org/apache/logging/log4j/log4j-api/2.8.2/log4j-api-2.8.2.jar:/Users/muzi/.m2/repository/net/serenity-bdd/serenity-rest-assured/2.2.8/serenity-rest-assured-2.2.8.jar:/Users/muzi/.m2/repository/org/codehaus/groovy/groovy-xml/2.5.5/groovy-xml-2.5.5.jar:/Users/muzi/.m2/repository/org/codehaus/groovy/groovy-json/2.5.5/groovy-json-2.5.5.jar:/Users/muzi/.m2/repository/org/testng/testng/7.1.0/testng-7.1.0.jar:/Users/muzi/.m2/repository/com/beust/jcommander/1.72/jcommander-1.72.jar:/Users/muzi/.m2/repository/com/google/inject/guice/4.1.0/guice-4.1.0-no_aop.jar:/Users/muzi/.m2/repository/org/seleniumhq/selenium/selenium-server/3.141.59/selenium-server-3.141.59.jar:/Users/muzi/.m2/repository/org/seleniumhq/selenium/selenium-firefox-driver/3.141.59/selenium-firefox-driver-3.141.59.jar:/Users/muzi/.m2/repository/org/seleniumhq/selenium/selenium-ie-driver/3.141.59/selenium-ie-driver-3.141.59.jar:/Users/muzi/.m2/repository/org/apache/commons/commons-exec/1.3/commons-exec-1.3.jar:/Users/muzi/.m2/repository/net/jcip/jcip-annotations/1.0/jcip-annotations-1.0.jar:/Users/muzi/.m2/repository/org/seleniumhq/selenium/jetty-repacked/9.4.12.v20180830/jetty-repacked-9.4.12.v20180830.jar:/Users/muzi/.m2/repository/com/squareup/okhttp3/okhttp/3.11.0/okhttp-3.11.0.jar:/Users/muzi/.m2/repository/com/squareup/okio/okio/1.14.0/okio-1.14.0.jar:/Users/muzi/.m2/repository/javax/servlet/javax.servlet-api/3.1.0/javax.servlet-api-3.1.0.jar:/Users/muzi/.m2/repository/io/vavr/vavr/0.10.3/vavr-0.10.3.jar:/Users/muzi/.m2/repository/io/vavr/vavr-match/0.10.3/vavr-match-0.10.3.jar:/Users/muzi/.m2/repository/com/fasterxml/jackson/datatype/jackson-datatype-jsr310/2.11.0/jackson-datatype-jsr310-2.11.0.jar:/Users/muzi/.m2/repository/com/fasterxml/jackson/core/jackson-annotations/2.11.0/jackson-annotations-2.11.0.jar:/Users/muzi/.m2/repository/com/fasterxml/jackson/core/jackson-core/2.11.0/jackson-core-2.11.0.jar:/Users/muzi/.m2/repository/com/fasterxml/jackson/core/jackson-databind/2.11.0/jackson-databind-2.11.0.jar:/Users/muzi/.m2/repository/org/junit/contrib/junit-theories/4.12/junit-theories-4.12.jar:/Users/muzi/.m2/repository/org/javaruntype/javaruntype/1.2/javaruntype-1.2.jar:/Users/muzi/.m2/repository/org/antlr/antlr-runtime/3.1.2/antlr-runtime-3.1.2.jar:/Users/muzi/.m2/repository/com/github/stefanbirkner/system-rules/1.19.0/system-rules-1.19.0.jar:/Users/muzi/.m2/repository/org/seleniumhq/selenium/selenium-java/3.141.5/selenium-java-3.141.5.jar:/Users/muzi/.m2/repository/com/google/guava/guava/25.0-jre/guava-25.0-jre.jar:/Users/muzi/.m2/repository/com/google/code/findbugs/jsr305/1.3.9/jsr305-1.3.9.jar:/Users/muzi/.m2/repository/org/checkerframework/checker-compat-qual/2.0.0/checker-compat-qual-2.0.0.jar:/Users/muzi/.m2/repository/com/google/errorprone/error_prone_annotations/2.1.3/error_prone_annotations-2.1.3.jar:/Users/muzi/.m2/repository/com/google/j2objc/j2objc-annotations/1.1/j2objc-annotations-1.1.jar:/Users/muzi/.m2/repository/org/codehaus/mojo/animal-sniffer-annotations/1.14/animal-sniffer-annotations-1.14.jar:/Users/muzi/.m2/repository/io/github/bonigarcia/webdrivermanager/3.8.1/webdrivermanager-3.8.1.jar:/Users/muzi/.m2/repository/org/rauschig/jarchivelib/1.0.0/jarchivelib-1.0.0.jar:/Users/muzi/.m2/repository/org/apache/commons/commons-compress/1.18/commons-compress-1.18.jar:/Users/muzi/.m2/repository/org/jtwig/jtwig-core/5.87.0.RELEASE/jtwig-core-5.87.0.RELEASE.jar:/Users/muzi/.m2/repository/org/jtwig/jtwig-reflection/5.87.0.RELEASE/jtwig-reflection-5.87.0.RELEASE.jar:/Users/muzi/.m2/repository/org/parboiled/parboiled-java/1.1.7/parboiled-java-1.1.7.jar:/Users/muzi/.m2/repository/org/parboiled/parboiled-core/1.1.7/parboiled-core-1.1.7.jar:/Users/muzi/.m2/repository/org/ow2/asm/asm-tree/5.0.3/asm-tree-5.0.3.jar:/Users/muzi/.m2/repository/org/ow2/asm/asm-analysis/5.0.3/asm-analysis-5.0.3.jar:/Users/muzi/.m2/repository/org/ow2/asm/asm-util/5.0.3/asm-util-5.0.3.jar:/Users/muzi/.m2/repository/com/googlecode/concurrentlinkedhashmap/concurrentlinkedhashmap-lru/1.4.2/concurrentlinkedhashmap-lru-1.4.2.jar:/Users/muzi/.m2/repository/com/mashape/unirest/unirest-java/1.4.9/unirest-java-1.4.9.jar:/Users/muzi/.m2/repository/org/apache/httpcomponents/httpasyncclient/4.1.1/httpasyncclient-4.1.1.jar:/Users/muzi/.m2/repository/org/apache/httpcomponents/httpcore-nio/4.4.4/httpcore-nio-4.4.4.jar:/Users/muzi/.m2/repository/org/json/json/20160212/json-20160212.jar:/Users/muzi/.m2/repository/org/assertj/assertj-core/3.6.2/assertj-core-3.6.2.jar:/Users/muzi/.m2/repository/junit/junit/4.13/junit-4.13.jar:/Users/muzi/.m2/repository/io/rest-assured/rest-assured/3.3.0/rest-assured-3.3.0.jar:/Users/muzi/.m2/repository/org/ccil/cowan/tagsoup/tagsoup/1.2.1/tagsoup-1.2.1.jar:/Users/muzi/.m2/repository/io/rest-assured/xml-path/3.3.0/xml-path-3.3.0.jar:/Users/muzi/.m2/repository/com/sun/xml/bind/jaxb-osgi/2.2.10/jaxb-osgi-2.2.10.jar:/Users/muzi/.m2/repository/org/apache/sling/org.apache.sling.javax.activation/0.1.0/org.apache.sling.javax.activation-0.1.0.jar:/Users/muzi/.m2/repository/io/rest-assured/json-schema-validator/4.3.0/json-schema-validator-4.3.0.jar:/Users/muzi/.m2/repository/com/github/java-json-tools/json-schema-validator/2.2.10/json-schema-validator-2.2.10.jar:/Users/muzi/.m2/repository/com/github/java-json-tools/json-schema-core/1.2.10/json-schema-core-1.2.10.jar:/Users/muzi/.m2/repository/com/github/java-json-tools/jackson-coreutils/1.9/jackson-coreutils-1.9.jar:/Users/muzi/.m2/repository/com/github/fge/msg-simple/1.1/msg-simple-1.1.jar:/Users/muzi/.m2/repository/com/github/fge/btf/1.2/btf-1.2.jar:/Users/muzi/.m2/repository/com/github/fge/uri-template/0.9/uri-template-0.9.jar:/Users/muzi/.m2/repository/org/mozilla/rhino/1.7.7.1/rhino-1.7.7.1.jar:/Users/muzi/.m2/repository/javax/mail/mailapi/1.4.3/mailapi-1.4.3.jar:/Users/muzi/.m2/repository/com/googlecode/libphonenumber/libphonenumber/8.0.0/libphonenumber-8.0.0.jar:/Users/muzi/.m2/repository/net/sf/jopt-simple/jopt-simple/5.0.3/jopt-simple-5.0.3.jar:/Users/muzi/.m2/repository/org/hamcrest/hamcrest/2.1/hamcrest-2.1.jar:/Users/muzi/.m2/repository/io/rest-assured/json-path/4.3.0/json-path-4.3.0.jar:/Users/muzi/.m2/repository/io/rest-assured/rest-assured-common/4.3.0/rest-assured-common-4.3.0.jar:/Users/muzi/.m2/repository/org/seleniumhq/selenium/selenium-leg-rc/3.5.1/selenium-leg-rc-3.5.1.jar:/Users/muzi/.m2/repository/org/apache/ant/ant/1.9.6/ant-1.9.6.jar:/Users/muzi/.m2/repository/org/apache/ant/ant-launcher/1.9.6/ant-launcher-1.9.6.jar:/Users/muzi/.m2/repository/org/beanshell/bsh/2.0b4/bsh-2.0b4.jar:/Users/muzi/.m2/repository/cglib/cglib-nodep/3.2.4/cglib-nodep-3.2.4.jar:/Users/muzi/.m2/repository/org/apache/httpcomponents/httpcore/4.4.6/httpcore-4.4.6.jar:/Users/muzi/.m2/repository/net/java/dev/jna/jna/4.1.0/jna-4.1.0.jar:/Users/muzi/.m2/repository/net/java/dev/jna/jna-platform/4.1.0/jna-platform-4.1.0.jar:/Users/muzi/.m2/repository/org/hamcrest/hamcrest-all/1.3/hamcrest-all-1.3.jar:/Users/muzi/.m2/repository/org/apache/maven/plugins/maven-surefire-report-plugin/3.0.0-M4/maven-surefire-report-plugin-3.0.0-M4.jar:/Users/muzi/.m2/repository/org/apache/maven/surefire/surefire-report-parser/3.0.0-M4/surefire-report-parser-3.0.0-M4.jar:/Users/muzi/.m2/repository/org/apache/maven/surefire/surefire-logger-api/3.0.0-M4/surefire-logger-api-3.0.0-M4.jar:/Users/muzi/.m2/repository/org/apache/maven/reporting/maven-reporting-api/3.0/maven-reporting-api-3.0.jar:/Users/muzi/.m2/repository/org/apache/maven/maven-plugin-api/3.0/maven-plugin-api-3.0.jar:/Users/muzi/.m2/repository/org/apache/maven/maven-model/3.0/maven-model-3.0.jar:/Users/muzi/.m2/repository/org/apache/maven/maven-artifact/3.0/maven-artifact-3.0.jar:/Users/muzi/.m2/repository/org/sonatype/sisu/sisu-inject-plexus/1.4.2/sisu-inject-plexus-1.4.2.jar:/Users/muzi/.m2/repository/org/codehaus/plexus/plexus-classworlds/2.2.3/plexus-classworlds-2.2.3.jar:/Users/muzi/.m2/repository/org/sonatype/sisu/sisu-inject-bean/1.4.2/sisu-inject-bean-1.4.2.jar:/Users/muzi/.m2/repository/org/sonatype/sisu/sisu-guice/2.1.7/sisu-guice-2.1.7-noaop.jar:/Users/muzi/.m2/repository/org/apache/maven/reporting/maven-reporting-impl/3.0.0/maven-reporting-impl-3.0.0.jar:/Users/muzi/.m2/repository/org/apache/maven/maven-core/3.0/maven-core-3.0.jar:/Users/muzi/.m2/repository/org/apache/maven/maven-settings/3.0/maven-settings-3.0.jar:/Users/muzi/.m2/repository/org/apache/maven/maven-settings-builder/3.0/maven-settings-builder-3.0.jar:/Users/muzi/.m2/repository/org/apache/maven/maven-repository-metadata/3.0/maven-repository-metadata-3.0.jar:/Users/muzi/.m2/repository/org/apache/maven/maven-model-builder/3.0/maven-model-builder-3.0.jar:/Users/muzi/.m2/repository/org/apache/maven/maven-aether-provider/3.0/maven-aether-provider-3.0.jar:/Users/muzi/.m2/repository/org/sonatype/aether/aether-impl/1.7/aether-impl-1.7.jar:/Users/muzi/.m2/repository/org/sonatype/aether/aether-spi/1.7/aether-spi-1.7.jar:/Users/muzi/.m2/repository/org/sonatype/aether/aether-api/1.7/aether-api-1.7.jar:/Users/muzi/.m2/repository/org/sonatype/aether/aether-util/1.7/aether-util-1.7.jar:/Users/muzi/.m2/repository/org/codehaus/plexus/plexus-interpolation/1.14/plexus-interpolation-1.14.jar:/Users/muzi/.m2/repository/org/sonatype/plexus/plexus-sec-dispatcher/1.3/plexus-sec-dispatcher-1.3.jar:/Users/muzi/.m2/repository/org/sonatype/plexus/plexus-cipher/1.4/plexus-cipher-1.4.jar:/Users/muzi/.m2/repository/org/apache/maven/shared/maven-shared-utils/3.2.0/maven-shared-utils-3.2.0.jar:/Users/muzi/.m2/repository/org/apache/maven/doxia/doxia-sink-api/1.9/doxia-sink-api-1.9.jar:/Users/muzi/.m2/repository/org/apache/maven/doxia/doxia-logging-api/1.9/doxia-logging-api-1.9.jar:/Users/muzi/.m2/repository/org/apache/maven/doxia/doxia-decoration-model/1.9.1/doxia-decoration-model-1.9.1.jar:/Users/muzi/.m2/repository/org/codehaus/plexus/plexus-component-annotations/1.7.1/plexus-component-annotations-1.7.1.jar:/Users/muzi/.m2/repository/org/apache/maven/doxia/doxia-core/1.9/doxia-core-1.9.jar:/Users/muzi/.m2/repository/org/codehaus/plexus/plexus-container-default/1.7.1/plexus-container-default-1.7.1.jar:/Users/muzi/.m2/repository/org/apache/xbean/xbean-reflect/3.7/xbean-reflect-3.7.jar:/Users/muzi/.m2/repository/com/google/collections/google-collections/1.0/google-collections-1.0.jar:/Users/muzi/.m2/repository/org/apache/maven/doxia/doxia-site-renderer/1.9.1/doxia-site-renderer-1.9.1.jar:/Users/muzi/.m2/repository/org/apache/maven/doxia/doxia-skin-model/1.9.1/doxia-skin-model-1.9.1.jar:/Users/muzi/.m2/repository/org/apache/maven/doxia/doxia-module-xhtml/1.9/doxia-module-xhtml-1.9.jar:/Users/muzi/.m2/repository/org/apache/maven/doxia/doxia-module-xhtml5/1.9/doxia-module-xhtml5-1.9.jar:/Users/muzi/.m2/repository/org/codehaus/plexus/plexus-i18n/1.0-beta-10/plexus-i18n-1.0-beta-10.jar:/Users/muzi/.m2/repository/org/codehaus/plexus/plexus-velocity/1.2/plexus-velocity-1.2.jar:/Users/muzi/.m2/repository/org/apache/velocity/velocity-tools/2.0/velocity-tools-2.0.jar:/Users/muzi/.m2/repository/commons-chain/commons-chain/1.1/commons-chain-1.1.jar:/Users/muzi/.m2/repository/dom4j/dom4j/1.1/dom4j-1.1.jar:/Users/muzi/.m2/repository/oro/oro/2.0.8/oro-2.0.8.jar:/Users/muzi/.m2/repository/sslext/sslext/1.2-0/sslext-1.2-0.jar:/Users/muzi/.m2/repository/org/apache/struts/struts-core/1.3.8/struts-core-1.3.8.jar:/Users/muzi/.m2/repository/antlr/antlr/2.7.2/antlr-2.7.2.jar:/Users/muzi/.m2/repository/org/apache/struts/struts-taglib/1.3.8/struts-taglib-1.3.8.jar:/Users/muzi/.m2/repository/org/apache/struts/struts-tiles/1.3.8/struts-tiles-1.3.8.jar:/Users/muzi/.m2/repository/commons-lang/commons-lang/2.6/commons-lang-2.6.jar:/Users/muzi/.m2/repository/com/aventstack/extentreports/3.0.5/extentreports-3.0.5.jar:/Users/muzi/.m2/repository/org/mongodb/mongodb-driver/3.3.0/mongodb-driver-3.3.0.jar:/Users/muzi/.m2/repository/org/mongodb/bson/3.3.0/bson-3.3.0.jar:/Users/muzi/.m2/repository/org/mongodb/mongodb-driver-core/3.3.0/mongodb-driver-core-3.3.0.jar:/Users/muzi/.m2/repository/org/apache/maven/plugins/maven-surefire-plugin/3.0.0-M4/maven-surefire-plugin-3.0.0-M4.jar:/Users/muzi/.m2/repository/org/apache/maven/surefire/maven-surefire-common/3.0.0-M4/maven-surefire-common-3.0.0-M4.jar:/Users/muzi/.m2/repository/org/apache/maven/surefire/surefire-api/3.0.0-M4/surefire-api-3.0.0-M4.jar:/Users/muzi/.m2/repository/org/apache/maven/surefire/surefire-extensions-api/3.0.0-M4/surefire-extensions-api-3.0.0-M4.jar:/Users/muzi/.m2/repository/org/apache/maven/surefire/surefire-booter/3.0.0-M4/surefire-booter-3.0.0-M4.jar:/Users/muzi/.m2/repository/org/apache/maven/maven-toolchain/3.0-alpha-2/maven-toolchain-3.0-alpha-2.jar:/Users/muzi/.m2/repository/org/apache/maven/shared/maven-artifact-transfer/0.11.0/maven-artifact-transfer-0.11.0.jar:/Users/muzi/.m2/repository/org/apache/maven/shared/maven-common-artifact-filters/3.0.1/maven-common-artifact-filters-3.0.1.jar:/Users/muzi/.m2/repository/org/codehaus/plexus/plexus-java/1.0.3/plexus-java-1.0.3.jar:/Users/muzi/.m2/repository/com/thoughtworks/qdox/qdox/2.0-M9/qdox-2.0-M9.jar:/Users/muzi/.m2/repository/io/cucumber/cucumber-java/5.7.0/cucumber-java-5.7.0.jar:/Users/muzi/.m2/repository/org/apiguardian/apiguardian-api/1.1.0/apiguardian-api-1.1.0.jar:/Users/muzi/.m2/repository/io/cucumber/cucumber-junit/5.7.0/cucumber-junit-5.7.0.jar:/Users/muzi/.m2/repository/io/cucumber/cucumber-core/5.7.0/cucumber-core-5.7.0.jar:/Users/muzi/.m2/repository/io/cucumber/cucumber-gherkin/5.7.0/cucumber-gherkin-5.7.0.jar:/Users/muzi/.m2/repository/io/cucumber/cucumber-gherkin-vintage/5.7.0/cucumber-gherkin-vintage-5.7.0.jar:/Users/muzi/.m2/repository/io/cucumber/tag-expressions/2.0.4/tag-expressions-2.0.4.jar:/Users/muzi/.m2/repository/io/cucumber/cucumber-expressions/8.3.1/cucumber-expressions-8.3.1.jar:/Users/muzi/.m2/repository/io/cucumber/datatable/3.3.1/datatable-3.3.1.jar:/Users/muzi/.m2/repository/io/cucumber/cucumber-plugin/5.7.0/cucumber-plugin-5.7.0.jar:/Users/muzi/.m2/repository/io/cucumber/docstring/5.7.0/docstring-5.7.0.jar:/Users/muzi/.m2/repository/io/cucumber/gherkin/13.0.0/gherkin-13.0.0.jar:/Users/muzi/.m2/repository/io/cucumber/messages/12.0.0/messages-12.0.0.jar:/Users/muzi/.m2/repository/io/cucumber/cucumber-testng/5.7.0/cucumber-testng-5.7.0.jar:/Users/muzi/.m2/repository/io/cucumber/cucumber-picocontainer/5.7.0/cucumber-picocontainer-5.7.0.jar:/Users/muzi/.m2/repository/org/picocontainer/picocontainer/2.15/picocontainer-2.15.jar:/Users/muzi/.m2/repository/org/freemarker/freemarker/2.3.26-incubating/freemarker-2.3.26-incubating.jar:/Users/muzi/.m2/repository/net/masterthought/cucumber-reporting/3.6.0/cucumber-reporting-3.6.0.jar:/Users/muzi/.m2/repository/org/apache/velocity/velocity/1.7/velocity-1.7.jar:/Users/muzi/.m2/repository/velocity-tools/velocity-tools/1.4/velocity-tools-1.4.jar:/Users/muzi/.m2/repository/net/lingala/zip4j/zip4j/1.3.2/zip4j-1.3.2.jar:/Users/muzi/.m2/repository/org/codehaus/plexus/plexus-utils/3.0.24/plexus-utils-3.0.24.jar:/Users/muzi/.m2/repository/com/vimalselvam/cucumber-extentsreport/2.0.4/cucumber-extentsreport-2.0.4.jar:/Users/muzi/.m2/repository/org/springframework/spring-context/5.2.0.RELEASE/spring-context-5.2.0.RELEASE.jar:/Users/muzi/.m2/repository/org/springframework/spring-aop/5.2.0.RELEASE/spring-aop-5.2.0.RELEASE.jar:/Users/muzi/.m2/repository/org/springframework/spring-beans/5.2.0.RELEASE/spring-beans-5.2.0.RELEASE.jar:/Users/muzi/.m2/repository/org/springframework/spring-core/5.2.0.RELEASE/spring-core-5.2.0.RELEASE.jar:/Users/muzi/.m2/repository/org/springframework/spring-jcl/5.2.0.RELEASE/spring-jcl-5.2.0.RELEASE.jar:/Users/muzi/.m2/repository/org/springframework/spring-expression/5.2.0.RELEASE/spring-expression-5.2.0.RELEASE.jar:/Users/muzi/.m2/repository/com/jayway/restassured/json-path/2.8.0/json-path-2.8.0.jar:/Users/muzi/.m2/repository/com/jayway/restassured/rest-assured-common/2.8.0/rest-assured-common-2.8.0.jar:/Users/muzi/.m2/repository/com/jayway/restassured/rest-assured/2.8.0/rest-assured-2.8.0.jar:/Users/muzi/.m2/repository/com/jayway/restassured/xml-path/2.8.0/xml-path-2.8.0.jar:/Users/muzi/.m2/repository/org/glassfish/jersey/core/jersey-client/2.22.2/jersey-client-2.22.2.jar:/Users/muzi/.m2/repository/javax/ws/rs/javax.ws.rs-api/2.0.1/javax.ws.rs-api-2.0.1.jar:/Users/muzi/.m2/repository/org/glassfish/jersey/core/jersey-common/2.22.2/jersey-common-2.22.2.jar:/Users/muzi/.m2/repository/javax/annotation/javax.annotation-api/1.2/javax.annotation-api-1.2.jar:/Users/muzi/.m2/repository/org/glassfish/jersey/bundles/repackaged/jersey-guava/2.22.2/jersey-guava-2.22.2.jar:/Users/muzi/.m2/repository/org/glassfish/hk2/osgi-resource-locator/1.0.1/osgi-resource-locator-1.0.1.jar:/Users/muzi/.m2/repository/org/glassfish/hk2/hk2-api/2.4.0-b34/hk2-api-2.4.0-b34.jar:/Users/muzi/.m2/repository/org/glassfish/hk2/hk2-utils/2.4.0-b34/hk2-utils-2.4.0-b34.jar:/Users/muzi/.m2/repository/org/glassfish/hk2/external/aopalliance-repackaged/2.4.0-b34/aopalliance-repackaged-2.4.0-b34.jar:/Users/muzi/.m2/repository/org/glassfish/hk2/external/javax.inject/2.4.0-b34/javax.inject-2.4.0-b34.jar:/Users/muzi/.m2/repository/org/glassfish/hk2/hk2-locator/2.4.0-b34/hk2-locator-2.4.0-b34.jar:/Users/muzi/.m2/repository/org/javassist/javassist/3.18.1-GA/javassist-3.18.1-GA.jar:/Users/muzi/.m2/repository/org/projectlombok/lombok/1.18.10/lombok-1.18.10.jar:/Users/muzi/.m2/repository/org/junit/jupiter/junit-jupiter/5.7.0-M1/junit-jupiter-5.7.0-M1.jar:/Users/muzi/.m2/repository/org/junit/jupiter/junit-jupiter-api/5.7.0-M1/junit-jupiter-api-5.7.0-M1.jar:/Users/muzi/.m2/repository/org/opentest4j/opentest4j/1.2.0/opentest4j-1.2.0.jar:/Users/muzi/.m2/repository/org/junit/platform/junit-platform-commons/1.7.0-M1/junit-platform-commons-1.7.0-M1.jar:/Users/muzi/.m2/repository/org/junit/jupiter/junit-jupiter-params/5.7.0-M1/junit-jupiter-params-5.7.0-M1.jar:/Users/muzi/.m2/repository/org/junit/jupiter/junit-jupiter-engine/5.7.0-M1/junit-jupiter-engine-5.7.0-M1.jar:/Users/muzi/.m2/repository/org/junit/platform/junit-platform-engine/1.7.0-M1/junit-platform-engine-1.7.0-M1.jar:"/>
    <property name="sun.cpu.endian" value="little"/>
    <property name="user.home" value="/Users/muzi"/>
    <property name="user.language" value="pl"/>
    <property name="java.specification.vendor" value="Oracle Corporation"/>
    <property name="java.home" value="/Library/Java/JavaVirtualMachines/jdk1.8.0_241.jdk/Contents/Home/jre"/>
    <property name="basedir" value="/Users/muzi/IdeaProjects/firstseleniumtest2"/>
    <property name="file.separator" value="/"/>
    <property name="line.separator" value="&#10;"/>
    <property name="java.vm.specification.vendor" value="Oracle Corporation"/>
    <property name="java.specification.name" value="Java Platform API Specification"/>
    <property name="java.awt.graphicsenv" value="sun.awt.CGraphicsEnvironment"/>
    <property name="idea.version2020.1.1" value="true"/>
    <property name="surefire.real.class.path" value="/Users/muzi/IdeaProjects/firstseleniumtest2/target/surefire/surefirebooter2369669661307357844.jar"/>
    <property name="sun.boot.class.path" value="/Library/Java/JavaVirtualMachines/jdk1.8.0_241.jdk/Contents/Home/jre/lib/resources.jar:/Library/Java/JavaVirtualMachines/jdk1.8.0_241.jdk/Contents/Home/jre/lib/rt.jar:/Library/Java/JavaVirtualMachines/jdk1.8.0_241.jdk/Contents/Home/jre/lib/sunrsasign.jar:/Library/Java/JavaVirtualMachines/jdk1.8.0_241.jdk/Contents/Home/jre/lib/jsse.jar:/Library/Java/JavaVirtualMachines/jdk1.8.0_241.jdk/Contents/Home/jre/lib/jce.jar:/Library/Java/JavaVirtualMachines/jdk1.8.0_241.jdk/Contents/Home/jre/lib/charsets.jar:/Library/Java/JavaVirtualMachines/jdk1.8.0_241.jdk/Contents/Home/jre/lib/jfr.jar:/Library/Java/JavaVirtualMachines/jdk1.8.0_241.jdk/Contents/Home/jre/classes"/>
    <property name="sun.management.compiler" value="HotSpot 64-Bit Tiered Compilers"/>
    <property name="ftp.nonProxyHosts" value="local|*.local|169.254/16|*.169.254/16"/>
    <property name="java.runtime.version" value="1.8.0_241-b07"/>
    <property name="user.name" value="muzi"/>
    <property name="path.separator" value=":"/>
    <property name="os.version" value="10.15.4"/>
    <property name="java.endorsed.dirs" value="/Library/Java/JavaVirtualMachines/jdk1.8.0_241.jdk/Contents/Home/jre/lib/endorsed"/>
    <property name="java.runtime.name" value="Java(TM) SE Runtime Environment"/>
    <property name="file.encoding" value="UTF-8"/>
    <property name="java.vm.name" value="Java HotSpot(TM) 64-Bit Server VM"/>
    <property name="localRepository" value="/Users/muzi/.m2/repository"/>
    <property name="java.vendor.url.bug" value="http://bugreport.sun.com/bugreport/"/>
    <property name="java.io.tmpdir" value="/var/folders/bd/rns_y2td5x31t0f_f7b446gh0000gn/T/"/>
    <property name="java.version" value="1.8.0_241"/>
    <property name="user.dir" value="/Users/muzi/IdeaProjects/firstseleniumtest2"/>
    <property name="os.arch" value="x86_64"/>
    <property name="java.vm.specification.name" value="Java Virtual Machine Specification"/>
    <property name="java.awt.printerjob" value="sun.lwawt.macosx.CPrinterJob"/>
    <property name="sun.os.patch.level" value="unknown"/>
    <property name="java.library.path" value="/Users/muzi/Library/Java/Extensions:/Library/Java/Extensions:/Network/Library/Java/Extensions:/System/Library/Java/Extensions:/usr/lib/java:."/>
    <property name="java.vm.info" value="mixed mode"/>
    <property name="java.vendor" value="Oracle Corporation"/>
    <property name="java.vm.version" value="25.241-b07"/>
    <property name="java.ext.dirs" value="/Users/muzi/Library/Java/Extensions:/Library/Java/JavaVirtualMachines/jdk1.8.0_241.jdk/Contents/Home/jre/lib/ext:/Library/Java/Extensions:/Network/Library/Java/Extensions:/System/Library/Java/Extensions:/usr/lib/java"/>
    <property name="sun.io.unicode.encoding" value="UnicodeBig"/>
    <property name="java.class.version" value="52.0"/>
    <property name="socksNonProxyHosts" value="local|*.local|169.254/16|*.169.254/16"/>
  </properties>
</testsuite>