<?xml version="1.0" encoding="UTF-8"?>
<testsuite xmlns:xsi="http://www.w3.org/2001/XMLSchema-instance" xsi:noNamespaceSchemaLocation="https://maven.apache.org/surefire/maven-surefire-plugin/xsd/surefire-test-report.xsd" name="runners.MyRunner" time="0.781" tests="0" errors="0" skipped="0" failures="0">
  <properties>
    <property name="gopherProxySet" value="false"/>
    <property name="awt.toolkit" value="sun.lwawt.macosx.LWCToolkit"/>
    <property name="file.encoding.pkg" value="sun.io"/>
    <property name="java.specification.version" value="1.8"/>
    <property name="sun.cpu.isalist" value=""/>
    <property name="sun.jnu.encoding" value="UTF-8"/>
    <property name="java.class.path" value="/Users/muzi/IdeaProjects/firstseleniumtest2/target/test-classes:/Users/muzi/IdeaProjects/firstseleniumtest2/target/classes:/Users/muzi/.m2/repository/org/testng/testng/6.8.8/testng-6.8.8.jar:/Users/muzi/.m2/repository/org/beanshell/bsh/2.0b4/bsh-2.0b4.jar:/Users/muzi/.m2/repository/com/beust/jcommander/1.27/jcommander-1.27.jar:/Users/muzi/.m2/repository/org/seleniumhq/selenium/selenium-server/3.141.59/selenium-server-3.141.59.jar:/Users/muzi/.m2/repository/org/seleniumhq/selenium/selenium-api/3.141.59/selenium-api-3.141.59.jar:/Users/muzi/.m2/repository/org/seleniumhq/selenium/selenium-chrome-driver/3.141.59/selenium-chrome-driver-3.141.59.jar:/Users/muzi/.m2/repository/org/seleniumhq/selenium/selenium-edge-driver/3.141.59/selenium-edge-driver-3.141.59.jar:/Users/muzi/.m2/repository/org/seleniumhq/selenium/selenium-firefox-driver/3.141.59/selenium-firefox-driver-3.141.59.jar:/Users/muzi/.m2/repository/org/seleniumhq/selenium/selenium-ie-driver/3.141.59/selenium-ie-driver-3.141.59.jar:/Users/muzi/.m2/repository/org/seleniumhq/selenium/selenium-opera-driver/3.141.59/selenium-opera-driver-3.141.59.jar:/Users/muzi/.m2/repository/org/seleniumhq/selenium/selenium-remote-driver/3.141.59/selenium-remote-driver-3.141.59.jar:/Users/muzi/.m2/repository/org/seleniumhq/selenium/selenium-safari-driver/3.141.59/selenium-safari-driver-3.141.59.jar:/Users/muzi/.m2/repository/org/seleniumhq/selenium/selenium-support/3.141.59/selenium-support-3.141.59.jar:/Users/muzi/.m2/repository/net/bytebuddy/byte-buddy/1.8.15/byte-buddy-1.8.15.jar:/Users/muzi/.m2/repository/org/apache/commons/commons-exec/1.3/commons-exec-1.3.jar:/Users/muzi/.m2/repository/net/jcip/jcip-annotations/1.0/jcip-annotations-1.0.jar:/Users/muzi/.m2/repository/org/seleniumhq/selenium/jetty-repacked/9.4.12.v20180830/jetty-repacked-9.4.12.v20180830.jar:/Users/muzi/.m2/repository/com/squareup/okhttp3/okhttp/3.11.0/okhttp-3.11.0.jar:/Users/muzi/.m2/repository/com/squareup/okio/okio/1.14.0/okio-1.14.0.jar:/Users/muzi/.m2/repository/javax/servlet/javax.servlet-api/3.1.0/javax.servlet-api-3.1.0.jar:/Users/muzi/.m2/repository/org/yaml/snakeyaml/1.19/snakeyaml-1.19.jar:/Users/muzi/.m2/repository/org/seleniumhq/selenium/selenium-java/3.141.5/selenium-java-3.141.5.jar:/Users/muzi/.m2/repository/info/cukes/cucumber-junit/1.2.5/cucumber-junit-1.2.5.jar:/Users/muzi/.m2/repository/info/cukes/cucumber-java/1.2.5/cucumber-java-1.2.5.jar:/Users/muzi/.m2/repository/com/google/guava/guava/25.0-jre/guava-25.0-jre.jar:/Users/muzi/.m2/repository/com/google/code/findbugs/jsr305/1.3.9/jsr305-1.3.9.jar:/Users/muzi/.m2/repository/org/checkerframework/checker-compat-qual/2.0.0/checker-compat-qual-2.0.0.jar:/Users/muzi/.m2/repository/com/google/errorprone/error_prone_annotations/2.1.3/error_prone_annotations-2.1.3.jar:/Users/muzi/.m2/repository/com/google/j2objc/j2objc-annotations/1.1/j2objc-annotations-1.1.jar:/Users/muzi/.m2/repository/org/codehaus/mojo/animal-sniffer-annotations/1.14/animal-sniffer-annotations-1.14.jar:/Users/muzi/.m2/repository/io/github/bonigarcia/webdrivermanager/3.8.1/webdrivermanager-3.8.1.jar:/Users/muzi/.m2/repository/org/slf4j/slf4j-api/1.7.25/slf4j-api-1.7.25.jar:/Users/muzi/.m2/repository/commons-io/commons-io/2.6/commons-io-2.6.jar:/Users/muzi/.m2/repository/com/google/code/gson/gson/2.8.5/gson-2.8.5.jar:/Users/muzi/.m2/repository/org/apache/commons/commons-lang3/3.8.1/commons-lang3-3.8.1.jar:/Users/muzi/.m2/repository/org/apache/httpcomponents/httpclient/4.5.6/httpclient-4.5.6.jar:/Users/muzi/.m2/repository/org/apache/httpcomponents/httpcore/4.4.10/httpcore-4.4.10.jar:/Users/muzi/.m2/repository/commons-logging/commons-logging/1.2/commons-logging-1.2.jar:/Users/muzi/.m2/repository/commons-codec/commons-codec/1.10/commons-codec-1.10.jar:/Users/muzi/.m2/repository/org/rauschig/jarchivelib/1.0.0/jarchivelib-1.0.0.jar:/Users/muzi/.m2/repository/org/apache/commons/commons-compress/1.18/commons-compress-1.18.jar:/Users/muzi/.m2/repository/org/jsoup/jsoup/1.11.3/jsoup-1.11.3.jar:/Users/muzi/.m2/repository/org/jtwig/jtwig-core/5.87.0.RELEASE/jtwig-core-5.87.0.RELEASE.jar:/Users/muzi/.m2/repository/org/jtwig/jtwig-reflection/5.87.0.RELEASE/jtwig-reflection-5.87.0.RELEASE.jar:/Users/muzi/.m2/repository/org/parboiled/parboiled-java/1.1.7/parboiled-java-1.1.7.jar:/Users/muzi/.m2/repository/org/parboiled/parboiled-core/1.1.7/parboiled-core-1.1.7.jar:/Users/muzi/.m2/repository/org/ow2/asm/asm/5.0.3/asm-5.0.3.jar:/Users/muzi/.m2/repository/org/ow2/asm/asm-tree/5.0.3/asm-tree-5.0.3.jar:/Users/muzi/.m2/repository/org/ow2/asm/asm-analysis/5.0.3/asm-analysis-5.0.3.jar:/Users/muzi/.m2/repository/org/ow2/asm/asm-util/5.0.3/asm-util-5.0.3.jar:/Users/muzi/.m2/repository/com/googlecode/concurrentlinkedhashmap/concurrentlinkedhashmap-lru/1.4.2/concurrentlinkedhashmap-lru-1.4.2.jar:/Users/muzi/.m2/repository/com/mashape/unirest/unirest-java/1.4.9/unirest-java-1.4.9.jar:/Users/muzi/.m2/repository/org/apache/httpcomponents/httpasyncclient/4.1.1/httpasyncclient-4.1.1.jar:/Users/muzi/.m2/repository/org/apache/httpcomponents/httpcore-nio/4.4.4/httpcore-nio-4.4.4.jar:/Users/muzi/.m2/repository/org/apache/httpcomponents/httpmime/4.5.2/httpmime-4.5.2.jar:/Users/muzi/.m2/repository/org/json/json/20160212/json-20160212.jar:/Users/muzi/.m2/repository/junit/junit/4.12/junit-4.12.jar:/Users/muzi/.m2/repository/org/hamcrest/hamcrest-core/1.3/hamcrest-core-1.3.jar:/Users/muzi/.m2/repository/info/cukes/cucumber-core/1.2.5/cucumber-core-1.2.5.jar:/Users/muzi/.m2/repository/info/cukes/cucumber-html/0.2.3/cucumber-html-0.2.3.jar:/Users/muzi/.m2/repository/io/rest-assured/rest-assured/3.0.2/rest-assured-3.0.2.jar:/Users/muzi/.m2/repository/org/codehaus/groovy/groovy/2.4.6/groovy-2.4.6.jar:/Users/muzi/.m2/repository/org/codehaus/groovy/groovy-xml/2.4.6/groovy-xml-2.4.6.jar:/Users/muzi/.m2/repository/org/hamcrest/hamcrest-library/1.3/hamcrest-library-1.3.jar:/Users/muzi/.m2/repository/org/ccil/cowan/tagsoup/tagsoup/1.2.1/tagsoup-1.2.1.jar:/Users/muzi/.m2/repository/io/rest-assured/json-path/3.0.2/json-path-3.0.2.jar:/Users/muzi/.m2/repository/org/codehaus/groovy/groovy-json/2.4.6/groovy-json-2.4.6.jar:/Users/muzi/.m2/repository/io/rest-assured/rest-assured-common/3.0.2/rest-assured-common-3.0.2.jar:/Users/muzi/.m2/repository/io/rest-assured/xml-path/3.0.2/xml-path-3.0.2.jar:/Users/muzi/.m2/repository/info/cukes/cucumber-jvm-deps/1.0.5/cucumber-jvm-deps-1.0.5.jar:/Users/muzi/.m2/repository/info/cukes/gherkin/2.12.2/gherkin-2.12.2.jar:/Users/muzi/.m2/repository/org/hamcrest/hamcrest-all/1.3/hamcrest-all-1.3.jar:/Users/muzi/.m2/repository/info/cukes/cucumber-picocontainer/1.2.5/cucumber-picocontainer-1.2.5.jar:/Users/muzi/.m2/repository/org/picocontainer/picocontainer/2.15/picocontainer-2.15.jar:/Users/muzi/.m2/repository/org/apache/maven/plugins/maven-surefire-report-plugin/3.0.0-M4/maven-surefire-report-plugin-3.0.0-M4.jar:/Users/muzi/.m2/repository/org/apache/maven/surefire/surefire-report-parser/3.0.0-M4/surefire-report-parser-3.0.0-M4.jar:/Users/muzi/.m2/repository/org/apache/maven/surefire/surefire-logger-api/3.0.0-M4/surefire-logger-api-3.0.0-M4.jar:/Users/muzi/.m2/repository/org/apache/maven/reporting/maven-reporting-api/3.0/maven-reporting-api-3.0.jar:/Users/muzi/.m2/repository/org/apache/maven/maven-plugin-api/3.0/maven-plugin-api-3.0.jar:/Users/muzi/.m2/repository/org/apache/maven/maven-model/3.0/maven-model-3.0.jar:/Users/muzi/.m2/repository/org/apache/maven/maven-artifact/3.0/maven-artifact-3.0.jar:/Users/muzi/.m2/repository/org/sonatype/sisu/sisu-inject-plexus/1.4.2/sisu-inject-plexus-1.4.2.jar:/Users/muzi/.m2/repository/org/codehaus/plexus/plexus-classworlds/2.2.3/plexus-classworlds-2.2.3.jar:/Users/muzi/.m2/repository/org/sonatype/sisu/sisu-inject-bean/1.4.2/sisu-inject-bean-1.4.2.jar:/Users/muzi/.m2/repository/org/sonatype/sisu/sisu-guice/2.1.7/sisu-guice-2.1.7-noaop.jar:/Users/muzi/.m2/repository/org/apache/maven/reporting/maven-reporting-impl/3.0.0/maven-reporting-impl-3.0.0.jar:/Users/muzi/.m2/repository/org/apache/maven/maven-core/3.0/maven-core-3.0.jar:/Users/muzi/.m2/repository/org/apache/maven/maven-settings/3.0/maven-settings-3.0.jar:/Users/muzi/.m2/repository/org/apache/maven/maven-settings-builder/3.0/maven-settings-builder-3.0.jar:/Users/muzi/.m2/repository/org/apache/maven/maven-repository-metadata/3.0/maven-repository-metadata-3.0.jar:/Users/muzi/.m2/repository/org/apache/maven/maven-model-builder/3.0/maven-model-builder-3.0.jar:/Users/muzi/.m2/repository/org/apache/maven/maven-aether-provider/3.0/maven-aether-provider-3.0.jar:/Users/muzi/.m2/repository/org/sonatype/aether/aether-impl/1.7/aether-impl-1.7.jar:/Users/muzi/.m2/repository/org/sonatype/aether/aether-spi/1.7/aether-spi-1.7.jar:/Users/muzi/.m2/repository/org/sonatype/aether/aether-api/1.7/aether-api-1.7.jar:/Users/muzi/.m2/repository/org/sonatype/aether/aether-util/1.7/aether-util-1.7.jar:/Users/muzi/.m2/repository/org/codehaus/plexus/plexus-interpolation/1.14/plexus-interpolation-1.14.jar:/Users/muzi/.m2/repository/org/sonatype/plexus/plexus-sec-dispatcher/1.3/plexus-sec-dispatcher-1.3.jar:/Users/muzi/.m2/repository/org/sonatype/plexus/plexus-cipher/1.4/plexus-cipher-1.4.jar:/Users/muzi/.m2/repository/org/apache/maven/shared/maven-shared-utils/3.2.0/maven-shared-utils-3.2.0.jar:/Users/muzi/.m2/repository/org/apache/maven/doxia/doxia-sink-api/1.9/doxia-sink-api-1.9.jar:/Users/muzi/.m2/repository/org/apache/maven/doxia/doxia-logging-api/1.9/doxia-logging-api-1.9.jar:/Users/muzi/.m2/repository/org/apache/maven/doxia/doxia-decoration-model/1.9.1/doxia-decoration-model-1.9.1.jar:/Users/muzi/.m2/repository/org/codehaus/plexus/plexus-component-annotations/1.7.1/plexus-component-annotations-1.7.1.jar:/Users/muzi/.m2/repository/org/apache/maven/doxia/doxia-core/1.9/doxia-core-1.9.jar:/Users/muzi/.m2/repository/org/codehaus/plexus/plexus-container-default/1.7.1/plexus-container-default-1.7.1.jar:/Users/muzi/.m2/repository/org/apache/xbean/xbean-reflect/3.7/xbean-reflect-3.7.jar:/Users/muzi/.m2/repository/com/google/collections/google-collections/1.0/google-collections-1.0.jar:/Users/muzi/.m2/repository/org/apache/maven/doxia/doxia-site-renderer/1.9.1/doxia-site-renderer-1.9.1.jar:/Users/muzi/.m2/repository/org/apache/maven/doxia/doxia-skin-model/1.9.1/doxia-skin-model-1.9.1.jar:/Users/muzi/.m2/repository/org/apache/maven/doxia/doxia-module-xhtml/1.9/doxia-module-xhtml-1.9.jar:/Users/muzi/.m2/repository/org/apache/maven/doxia/doxia-module-xhtml5/1.9/doxia-module-xhtml5-1.9.jar:/Users/muzi/.m2/repository/org/codehaus/plexus/plexus-i18n/1.0-beta-10/plexus-i18n-1.0-beta-10.jar:/Users/muzi/.m2/repository/org/codehaus/plexus/plexus-velocity/1.2/plexus-velocity-1.2.jar:/Users/muzi/.m2/repository/org/apache/velocity/velocity-tools/2.0/velocity-tools-2.0.jar:/Users/muzi/.m2/repository/commons-beanutils/commons-beanutils/1.7.0/commons-beanutils-1.7.0.jar:/Users/muzi/.m2/repository/commons-digester/commons-digester/1.8/commons-digester-1.8.jar:/Users/muzi/.m2/repository/commons-chain/commons-chain/1.1/commons-chain-1.1.jar:/Users/muzi/.m2/repository/commons-validator/commons-validator/1.3.1/commons-validator-1.3.1.jar:/Users/muzi/.m2/repository/dom4j/dom4j/1.1/dom4j-1.1.jar:/Users/muzi/.m2/repository/oro/oro/2.0.8/oro-2.0.8.jar:/Users/muzi/.m2/repository/sslext/sslext/1.2-0/sslext-1.2-0.jar:/Users/muzi/.m2/repository/org/apache/struts/struts-core/1.3.8/struts-core-1.3.8.jar:/Users/muzi/.m2/repository/antlr/antlr/2.7.2/antlr-2.7.2.jar:/Users/muzi/.m2/repository/org/apache/struts/struts-taglib/1.3.8/struts-taglib-1.3.8.jar:/Users/muzi/.m2/repository/org/apache/struts/struts-tiles/1.3.8/struts-tiles-1.3.8.jar:/Users/muzi/.m2/repository/commons-collections/commons-collections/3.2.2/commons-collections-3.2.2.jar:/Users/muzi/.m2/repository/commons-lang/commons-lang/2.6/commons-lang-2.6.jar:/Users/muzi/.m2/repository/info/cukes/cucumber-testng/1.2.5/cucumber-testng-1.2.5.jar:/Users/muzi/.m2/repository/com/aventstack/extentreports/3.0.5/extentreports-3.0.5.jar:/Users/muzi/.m2/repository/org/mongodb/mongodb-driver/3.3.0/mongodb-driver-3.3.0.jar:/Users/muzi/.m2/repository/org/mongodb/bson/3.3.0/bson-3.3.0.jar:/Users/muzi/.m2/repository/org/mongodb/mongodb-driver-core/3.3.0/mongodb-driver-core-3.3.0.jar:/Users/muzi/.m2/repository/org/apache/maven/plugins/maven-surefire-plugin/3.0.0-M4/maven-surefire-plugin-3.0.0-M4.jar:/Users/muzi/.m2/repository/org/apache/maven/surefire/maven-surefire-common/3.0.0-M4/maven-surefire-common-3.0.0-M4.jar:/Users/muzi/.m2/repository/org/apache/maven/surefire/surefire-api/3.0.0-M4/surefire-api-3.0.0-M4.jar:/Users/muzi/.m2/repository/org/apache/maven/surefire/surefire-extensions-api/3.0.0-M4/surefire-extensions-api-3.0.0-M4.jar:/Users/muzi/.m2/repository/org/apache/maven/surefire/surefire-booter/3.0.0-M4/surefire-booter-3.0.0-M4.jar:/Users/muzi/.m2/repository/org/apache/maven/maven-toolchain/3.0-alpha-2/maven-toolchain-3.0-alpha-2.jar:/Users/muzi/.m2/repository/org/apache/maven/shared/maven-artifact-transfer/0.11.0/maven-artifact-transfer-0.11.0.jar:/Users/muzi/.m2/repository/org/apache/maven/shared/maven-common-artifact-filters/3.0.1/maven-common-artifact-filters-3.0.1.jar:/Users/muzi/.m2/repository/org/codehaus/plexus/plexus-java/1.0.3/plexus-java-1.0.3.jar:/Users/muzi/.m2/repository/com/thoughtworks/qdox/qdox/2.0-M9/qdox-2.0-M9.jar:/Users/muzi/.m2/repository/org/freemarker/freemarker/2.3.26-incubating/freemarker-2.3.26-incubating.jar:/Users/muzi/.m2/repository/net/masterthought/cucumber-reporting/3.6.0/cucumber-reporting-3.6.0.jar:/Users/muzi/.m2/repository/org/apache/logging/log4j/log4j-api/2.6/log4j-api-2.6.jar:/Users/muzi/.m2/repository/org/apache/logging/log4j/log4j-core/2.6/log4j-core-2.6.jar:/Users/muzi/.m2/repository/com/fasterxml/jackson/core/jackson-databind/2.8.5/jackson-databind-2.8.5.jar:/Users/muzi/.m2/repository/com/fasterxml/jackson/core/jackson-annotations/2.8.0/jackson-annotations-2.8.0.jar:/Users/muzi/.m2/repository/com/fasterxml/jackson/core/jackson-core/2.8.5/jackson-core-2.8.5.jar:/Users/muzi/.m2/repository/org/apache/velocity/velocity/1.7/velocity-1.7.jar:/Users/muzi/.m2/repository/velocity-tools/velocity-tools/1.4/velocity-tools-1.4.jar:/Users/muzi/.m2/repository/joda-time/joda-time/2.9.6/joda-time-2.9.6.jar:/Users/muzi/.m2/repository/net/lingala/zip4j/zip4j/1.3.2/zip4j-1.3.2.jar:/Users/muzi/.m2/repository/org/codehaus/plexus/plexus-utils/3.0.24/plexus-utils-3.0.24.jar:/Users/muzi/.m2/repository/com/vimalselvam/cucumber-extentsreport/2.0.4/cucumber-extentsreport-2.0.4.jar:/Users/muzi/.m2/repository/org/apache/maven/surefire/surefire-testng-utils/2.21.0/surefire-testng-utils-2.21.0.jar:/Users/muzi/.m2/repository/org/apache/maven/surefire/surefire-grouper/2.21.0/surefire-grouper-2.21.0.jar:"/>
    <property name="java.vm.vendor" value="Oracle Corporation"/>
    <property name="sun.arch.data.model" value="64"/>
    <property name="java.vendor.url" value="http://java.oracle.com/"/>
    <property name="user.timezone" value=""/>
    <property name="java.vm.specification.version" value="1.8"/>
    <property name="os.name" value="Mac OS X"/>
    <property name="user.country" value="PL"/>
    <property name="sun.java.launcher" value="SUN_STANDARD"/>
    <property name="sun.boot.library.path" value="/Library/Java/JavaVirtualMachines/jdk1.8.0_241.jdk/Contents/Home/jre/lib"/>
    <property name="sun.java.command" value="/Users/muzi/IdeaProjects/firstseleniumtest2/target/surefire/surefirebooter4512861127402532770.jar /Users/muzi/IdeaProjects/firstseleniumtest2/target/surefire 2020-04-11T08-26-12_536-jvmRun1 surefire6701081342175306497tmp surefire_07795806260425294543tmp"/>
    <property name="http.nonProxyHosts" value="local|*.local|169.254/16|*.169.254/16"/>
    <property name="surefire.test.class.path" value="/Users/muzi/IdeaProjects/firstseleniumtest2/target/test-classes:/Users/muzi/IdeaProjects/firstseleniumtest2/target/classes:/Users/muzi/.m2/repository/org/testng/testng/6.8.8/testng-6.8.8.jar:/Users/muzi/.m2/repository/org/beanshell/bsh/2.0b4/bsh-2.0b4.jar:/Users/muzi/.m2/repository/com/beust/jcommander/1.27/jcommander-1.27.jar:/Users/muzi/.m2/repository/org/seleniumhq/selenium/selenium-server/3.141.59/selenium-server-3.141.59.jar:/Users/muzi/.m2/repository/org/seleniumhq/selenium/selenium-api/3.141.59/selenium-api-3.141.59.jar:/Users/muzi/.m2/repository/org/seleniumhq/selenium/selenium-chrome-driver/3.141.59/selenium-chrome-driver-3.141.59.jar:/Users/muzi/.m2/repository/org/seleniumhq/selenium/selenium-edge-driver/3.141.59/selenium-edge-driver-3.141.59.jar:/Users/muzi/.m2/repository/org/seleniumhq/selenium/selenium-firefox-driver/3.141.59/selenium-firefox-driver-3.141.59.jar:/Users/muzi/.m2/repository/org/seleniumhq/selenium/selenium-ie-driver/3.141.59/selenium-ie-driver-3.141.59.jar:/Users/muzi/.m2/repository/org/seleniumhq/selenium/selenium-opera-driver/3.141.59/selenium-opera-driver-3.141.59.jar:/Users/muzi/.m2/repository/org/seleniumhq/selenium/selenium-remote-driver/3.141.59/selenium-remote-driver-3.141.59.jar:/Users/muzi/.m2/repository/org/seleniumhq/selenium/selenium-safari-driver/3.141.59/selenium-safari-driver-3.141.59.jar:/Users/muzi/.m2/repository/org/seleniumhq/selenium/selenium-support/3.141.59/selenium-support-3.141.59.jar:/Users/muzi/.m2/repository/net/bytebuddy/byte-buddy/1.8.15/byte-buddy-1.8.15.jar:/Users/muzi/.m2/repository/org/apache/commons/commons-exec/1.3/commons-exec-1.3.jar:/Users/muzi/.m2/repository/net/jcip/jcip-annotations/1.0/jcip-annotations-1.0.jar:/Users/muzi/.m2/repository/org/seleniumhq/selenium/jetty-repacked/9.4.12.v20180830/jetty-repacked-9.4.12.v20180830.jar:/Users/muzi/.m2/repository/com/squareup/okhttp3/okhttp/3.11.0/okhttp-3.11.0.jar:/Users/muzi/.m2/repository/com/squareup/okio/okio/1.14.0/okio-1.14.0.jar:/Users/muzi/.m2/repository/javax/servlet/javax.servlet-api/3.1.0/javax.servlet-api-3.1.0.jar:/Users/muzi/.m2/repository/org/yaml/snakeyaml/1.19/snakeyaml-1.19.jar:/Users/muzi/.m2/repository/org/seleniumhq/selenium/selenium-java/3.141.5/selenium-java-3.141.5.jar:/Users/muzi/.m2/repository/info/cukes/cucumber-junit/1.2.5/cucumber-junit-1.2.5.jar:/Users/muzi/.m2/repository/info/cukes/cucumber-java/1.2.5/cucumber-java-1.2.5.jar:/Users/muzi/.m2/repository/com/google/guava/guava/25.0-jre/guava-25.0-jre.jar:/Users/muzi/.m2/repository/com/google/code/findbugs/jsr305/1.3.9/jsr305-1.3.9.jar:/Users/muzi/.m2/repository/org/checkerframework/checker-compat-qual/2.0.0/checker-compat-qual-2.0.0.jar:/Users/muzi/.m2/repository/com/google/errorprone/error_prone_annotations/2.1.3/error_prone_annotations-2.1.3.jar:/Users/muzi/.m2/repository/com/google/j2objc/j2objc-annotations/1.1/j2objc-annotations-1.1.jar:/Users/muzi/.m2/repository/org/codehaus/mojo/animal-sniffer-annotations/1.14/animal-sniffer-annotations-1.14.jar:/Users/muzi/.m2/repository/io/github/bonigarcia/webdrivermanager/3.8.1/webdrivermanager-3.8.1.jar:/Users/muzi/.m2/repository/org/slf4j/slf4j-api/1.7.25/slf4j-api-1.7.25.jar:/Users/muzi/.m2/repository/commons-io/commons-io/2.6/commons-io-2.6.jar:/Users/muzi/.m2/repository/com/google/code/gson/gson/2.8.5/gson-2.8.5.jar:/Users/muzi/.m2/repository/org/apache/commons/commons-lang3/3.8.1/commons-lang3-3.8.1.jar:/Users/muzi/.m2/repository/org/apache/httpcomponents/httpclient/4.5.6/httpclient-4.5.6.jar:/Users/muzi/.m2/repository/org/apache/httpcomponents/httpcore/4.4.10/httpcore-4.4.10.jar:/Users/muzi/.m2/repository/commons-logging/commons-logging/1.2/commons-logging-1.2.jar:/Users/muzi/.m2/repository/commons-codec/commons-codec/1.10/commons-codec-1.10.jar:/Users/muzi/.m2/repository/org/rauschig/jarchivelib/1.0.0/jarchivelib-1.0.0.jar:/Users/muzi/.m2/repository/org/apache/commons/commons-compress/1.18/commons-compress-1.18.jar:/Users/muzi/.m2/repository/org/jsoup/jsoup/1.11.3/jsoup-1.11.3.jar:/Users/muzi/.m2/repository/org/jtwig/jtwig-core/5.87.0.RELEASE/jtwig-core-5.87.0.RELEASE.jar:/Users/muzi/.m2/repository/org/jtwig/jtwig-reflection/5.87.0.RELEASE/jtwig-reflection-5.87.0.RELEASE.jar:/Users/muzi/.m2/repository/org/parboiled/parboiled-java/1.1.7/parboiled-java-1.1.7.jar:/Users/muzi/.m2/repository/org/parboiled/parboiled-core/1.1.7/parboiled-core-1.1.7.jar:/Users/muzi/.m2/repository/org/ow2/asm/asm/5.0.3/asm-5.0.3.jar:/Users/muzi/.m2/repository/org/ow2/asm/asm-tree/5.0.3/asm-tree-5.0.3.jar:/Users/muzi/.m2/repository/org/ow2/asm/asm-analysis/5.0.3/asm-analysis-5.0.3.jar:/Users/muzi/.m2/repository/org/ow2/asm/asm-util/5.0.3/asm-util-5.0.3.jar:/Users/muzi/.m2/repository/com/googlecode/concurrentlinkedhashmap/concurrentlinkedhashmap-lru/1.4.2/concurrentlinkedhashmap-lru-1.4.2.jar:/Users/muzi/.m2/repository/com/mashape/unirest/unirest-java/1.4.9/unirest-java-1.4.9.jar:/Users/muzi/.m2/repository/org/apache/httpcomponents/httpasyncclient/4.1.1/httpasyncclient-4.1.1.jar:/Users/muzi/.m2/repository/org/apache/httpcomponents/httpcore-nio/4.4.4/httpcore-nio-4.4.4.jar:/Users/muzi/.m2/repository/org/apache/httpcomponents/httpmime/4.5.2/httpmime-4.5.2.jar:/Users/muzi/.m2/repository/org/json/json/20160212/json-20160212.jar:/Users/muzi/.m2/repository/junit/junit/4.12/junit-4.12.jar:/Users/muzi/.m2/repository/org/hamcrest/hamcrest-core/1.3/hamcrest-core-1.3.jar:/Users/muzi/.m2/repository/info/cukes/cucumber-core/1.2.5/cucumber-core-1.2.5.jar:/Users/muzi/.m2/repository/info/cukes/cucumber-html/0.2.3/cucumber-html-0.2.3.jar:/Users/muzi/.m2/repository/io/rest-assured/rest-assured/3.0.2/rest-assured-3.0.2.jar:/Users/muzi/.m2/repository/org/codehaus/groovy/groovy/2.4.6/groovy-2.4.6.jar:/Users/muzi/.m2/repository/org/codehaus/groovy/groovy-xml/2.4.6/groovy-xml-2.4.6.jar:/Users/muzi/.m2/repository/org/hamcrest/hamcrest-library/1.3/hamcrest-library-1.3.jar:/Users/muzi/.m2/repository/org/ccil/cowan/tagsoup/tagsoup/1.2.1/tagsoup-1.2.1.jar:/Users/muzi/.m2/repository/io/rest-assured/json-path/3.0.2/json-path-3.0.2.jar:/Users/muzi/.m2/repository/org/codehaus/groovy/groovy-json/2.4.6/groovy-json-2.4.6.jar:/Users/muzi/.m2/repository/io/rest-assured/rest-assured-common/3.0.2/rest-assured-common-3.0.2.jar:/Users/muzi/.m2/repository/io/rest-assured/xml-path/3.0.2/xml-path-3.0.2.jar:/Users/muzi/.m2/repository/info/cukes/cucumber-jvm-deps/1.0.5/cucumber-jvm-deps-1.0.5.jar:/Users/muzi/.m2/repository/info/cukes/gherkin/2.12.2/gherkin-2.12.2.jar:/Users/muzi/.m2/repository/org/hamcrest/hamcrest-all/1.3/hamcrest-all-1.3.jar:/Users/muzi/.m2/repository/info/cukes/cucumber-picocontainer/1.2.5/cucumber-picocontainer-1.2.5.jar:/Users/muzi/.m2/repository/org/picocontainer/picocontainer/2.15/picocontainer-2.15.jar:/Users/muzi/.m2/repository/org/apache/maven/plugins/maven-surefire-report-plugin/3.0.0-M4/maven-surefire-report-plugin-3.0.0-M4.jar:/Users/muzi/.m2/repository/org/apache/maven/surefire/surefire-report-parser/3.0.0-M4/surefire-report-parser-3.0.0-M4.jar:/Users/muzi/.m2/repository/org/apache/maven/surefire/surefire-logger-api/3.0.0-M4/surefire-logger-api-3.0.0-M4.jar:/Users/muzi/.m2/repository/org/apache/maven/reporting/maven-reporting-api/3.0/maven-reporting-api-3.0.jar:/Users/muzi/.m2/repository/org/apache/maven/maven-plugin-api/3.0/maven-plugin-api-3.0.jar:/Users/muzi/.m2/repository/org/apache/maven/maven-model/3.0/maven-model-3.0.jar:/Users/muzi/.m2/repository/org/apache/maven/maven-artifact/3.0/maven-artifact-3.0.jar:/Users/muzi/.m2/repository/org/sonatype/sisu/sisu-inject-plexus/1.4.2/sisu-inject-plexus-1.4.2.jar:/Users/muzi/.m2/repository/org/codehaus/plexus/plexus-classworlds/2.2.3/plexus-classworlds-2.2.3.jar:/Users/muzi/.m2/repository/org/sonatype/sisu/sisu-inject-bean/1.4.2/sisu-inject-bean-1.4.2.jar:/Users/muzi/.m2/repository/org/sonatype/sisu/sisu-guice/2.1.7/sisu-guice-2.1.7-noaop.jar:/Users/muzi/.m2/repository/org/apache/maven/reporting/maven-reporting-impl/3.0.0/maven-reporting-impl-3.0.0.jar:/Users/muzi/.m2/repository/org/apache/maven/maven-core/3.0/maven-core-3.0.jar:/Users/muzi/.m2/repository/org/apache/maven/maven-settings/3.0/maven-settings-3.0.jar:/Users/muzi/.m2/repository/org/apache/maven/maven-settings-builder/3.0/maven-settings-builder-3.0.jar:/Users/muzi/.m2/repository/org/apache/maven/maven-repository-metadata/3.0/maven-repository-metadata-3.0.jar:/Users/muzi/.m2/repository/org/apache/maven/maven-model-builder/3.0/maven-model-builder-3.0.jar:/Users/muzi/.m2/repository/org/apache/maven/maven-aether-provider/3.0/maven-aether-provider-3.0.jar:/Users/muzi/.m2/repository/org/sonatype/aether/aether-impl/1.7/aether-impl-1.7.jar:/Users/muzi/.m2/repository/org/sonatype/aether/aether-spi/1.7/aether-spi-1.7.jar:/Users/muzi/.m2/repository/org/sonatype/aether/aether-api/1.7/aether-api-1.7.jar:/Users/muzi/.m2/repository/org/sonatype/aether/aether-util/1.7/aether-util-1.7.jar:/Users/muzi/.m2/repository/org/codehaus/plexus/plexus-interpolation/1.14/plexus-interpolation-1.14.jar:/Users/muzi/.m2/repository/org/sonatype/plexus/plexus-sec-dispatcher/1.3/plexus-sec-dispatcher-1.3.jar:/Users/muzi/.m2/repository/org/sonatype/plexus/plexus-cipher/1.4/plexus-cipher-1.4.jar:/Users/muzi/.m2/repository/org/apache/maven/shared/maven-shared-utils/3.2.0/maven-shared-utils-3.2.0.jar:/Users/muzi/.m2/repository/org/apache/maven/doxia/doxia-sink-api/1.9/doxia-sink-api-1.9.jar:/Users/muzi/.m2/repository/org/apache/maven/doxia/doxia-logging-api/1.9/doxia-logging-api-1.9.jar:/Users/muzi/.m2/repository/org/apache/maven/doxia/doxia-decoration-model/1.9.1/doxia-decoration-model-1.9.1.jar:/Users/muzi/.m2/repository/org/codehaus/plexus/plexus-component-annotations/1.7.1/plexus-component-annotations-1.7.1.jar:/Users/muzi/.m2/repository/org/apache/maven/doxia/doxia-core/1.9/doxia-core-1.9.jar:/Users/muzi/.m2/repository/org/codehaus/plexus/plexus-container-default/1.7.1/plexus-container-default-1.7.1.jar:/Users/muzi/.m2/repository/org/apache/xbean/xbean-reflect/3.7/xbean-reflect-3.7.jar:/Users/muzi/.m2/repository/com/google/collections/google-collections/1.0/google-collections-1.0.jar:/Users/muzi/.m2/repository/org/apache/maven/doxia/doxia-site-renderer/1.9.1/doxia-site-renderer-1.9.1.jar:/Users/muzi/.m2/repository/org/apache/maven/doxia/doxia-skin-model/1.9.1/doxia-skin-model-1.9.1.jar:/Users/muzi/.m2/repository/org/apache/maven/doxia/doxia-module-xhtml/1.9/doxia-module-xhtml-1.9.jar:/Users/muzi/.m2/repository/org/apache/maven/doxia/doxia-module-xhtml5/1.9/doxia-module-xhtml5-1.9.jar:/Users/muzi/.m2/repository/org/codehaus/plexus/plexus-i18n/1.0-beta-10/plexus-i18n-1.0-beta-10.jar:/Users/muzi/.m2/repository/org/codehaus/plexus/plexus-velocity/1.2/plexus-velocity-1.2.jar:/Users/muzi/.m2/repository/org/apache/velocity/velocity-tools/2.0/velocity-tools-2.0.jar:/Users/muzi/.m2/repository/commons-beanutils/commons-beanutils/1.7.0/commons-beanutils-1.7.0.jar:/Users/muzi/.m2/repository/commons-digester/commons-digester/1.8/commons-digester-1.8.jar:/Users/muzi/.m2/repository/commons-chain/commons-chain/1.1/commons-chain-1.1.jar:/Users/muzi/.m2/repository/commons-validator/commons-validator/1.3.1/commons-validator-1.3.1.jar:/Users/muzi/.m2/repository/dom4j/dom4j/1.1/dom4j-1.1.jar:/Users/muzi/.m2/repository/oro/oro/2.0.8/oro-2.0.8.jar:/Users/muzi/.m2/repository/sslext/sslext/1.2-0/sslext-1.2-0.jar:/Users/muzi/.m2/repository/org/apache/struts/struts-core/1.3.8/struts-core-1.3.8.jar:/Users/muzi/.m2/repository/antlr/antlr/2.7.2/antlr-2.7.2.jar:/Users/muzi/.m2/repository/org/apache/struts/struts-taglib/1.3.8/struts-taglib-1.3.8.jar:/Users/muzi/.m2/repository/org/apache/struts/struts-tiles/1.3.8/struts-tiles-1.3.8.jar:/Users/muzi/.m2/repository/commons-collections/commons-collections/3.2.2/commons-collections-3.2.2.jar:/Users/muzi/.m2/repository/commons-lang/commons-lang/2.6/commons-lang-2.6.jar:/Users/muzi/.m2/repository/info/cukes/cucumber-testng/1.2.5/cucumber-testng-1.2.5.jar:/Users/muzi/.m2/repository/com/aventstack/extentreports/3.0.5/extentreports-3.0.5.jar:/Users/muzi/.m2/repository/org/mongodb/mongodb-driver/3.3.0/mongodb-driver-3.3.0.jar:/Users/muzi/.m2/repository/org/mongodb/bson/3.3.0/bson-3.3.0.jar:/Users/muzi/.m2/repository/org/mongodb/mongodb-driver-core/3.3.0/mongodb-driver-core-3.3.0.jar:/Users/muzi/.m2/repository/org/apache/maven/plugins/maven-surefire-plugin/3.0.0-M4/maven-surefire-plugin-3.0.0-M4.jar:/Users/muzi/.m2/repository/org/apache/maven/surefire/maven-surefire-common/3.0.0-M4/maven-surefire-common-3.0.0-M4.jar:/Users/muzi/.m2/repository/org/apache/maven/surefire/surefire-api/3.0.0-M4/surefire-api-3.0.0-M4.jar:/Users/muzi/.m2/repository/org/apache/maven/surefire/surefire-extensions-api/3.0.0-M4/surefire-extensions-api-3.0.0-M4.jar:/Users/muzi/.m2/repository/org/apache/maven/surefire/surefire-booter/3.0.0-M4/surefire-booter-3.0.0-M4.jar:/Users/muzi/.m2/repository/org/apache/maven/maven-toolchain/3.0-alpha-2/maven-toolchain-3.0-alpha-2.jar:/Users/muzi/.m2/repository/org/apache/maven/shared/maven-artifact-transfer/0.11.0/maven-artifact-transfer-0.11.0.jar:/Users/muzi/.m2/repository/org/apache/maven/shared/maven-common-artifact-filters/3.0.1/maven-common-artifact-filters-3.0.1.jar:/Users/muzi/.m2/repository/org/codehaus/plexus/plexus-java/1.0.3/plexus-java-1.0.3.jar:/Users/muzi/.m2/repository/com/thoughtworks/qdox/qdox/2.0-M9/qdox-2.0-M9.jar:/Users/muzi/.m2/repository/org/freemarker/freemarker/2.3.26-incubating/freemarker-2.3.26-incubating.jar:/Users/muzi/.m2/repository/net/masterthought/cucumber-reporting/3.6.0/cucumber-reporting-3.6.0.jar:/Users/muzi/.m2/repository/org/apache/logging/log4j/log4j-api/2.6/log4j-api-2.6.jar:/Users/muzi/.m2/repository/org/apache/logging/log4j/log4j-core/2.6/log4j-core-2.6.jar:/Users/muzi/.m2/repository/com/fasterxml/jackson/core/jackson-databind/2.8.5/jackson-databind-2.8.5.jar:/Users/muzi/.m2/repository/com/fasterxml/jackson/core/jackson-annotations/2.8.0/jackson-annotations-2.8.0.jar:/Users/muzi/.m2/repository/com/fasterxml/jackson/core/jackson-core/2.8.5/jackson-core-2.8.5.jar:/Users/muzi/.m2/repository/org/apache/velocity/velocity/1.7/velocity-1.7.jar:/Users/muzi/.m2/repository/velocity-tools/velocity-tools/1.4/velocity-tools-1.4.jar:/Users/muzi/.m2/repository/joda-time/joda-time/2.9.6/joda-time-2.9.6.jar:/Users/muzi/.m2/repository/net/lingala/zip4j/zip4j/1.3.2/zip4j-1.3.2.jar:/Users/muzi/.m2/repository/org/codehaus/plexus/plexus-utils/3.0.24/plexus-utils-3.0.24.jar:/Users/muzi/.m2/repository/com/vimalselvam/cucumber-extentsreport/2.0.4/cucumber-extentsreport-2.0.4.jar:/Users/muzi/.m2/repository/org/apache/maven/surefire/surefire-testng-utils/2.21.0/surefire-testng-utils-2.21.0.jar:/Users/muzi/.m2/repository/org/apache/maven/surefire/surefire-grouper/2.21.0/surefire-grouper-2.21.0.jar:"/>
    <property name="sun.cpu.endian" value="little"/>
    <property name="user.home" value="/Users/muzi"/>
    <property name="user.language" value="pl"/>
    <property name="java.specification.vendor" value="Oracle Corporation"/>
    <property name="java.home" value="/Library/Java/JavaVirtualMachines/jdk1.8.0_241.jdk/Contents/Home/jre"/>
    <property name="basedir" value="/Users/muzi/IdeaProjects/firstseleniumtest2"/>
    <property name="file.separator" value="/"/>
    <property name="line.separator" value="&#10;"/>
    <property name="java.vm.specification.vendor" value="Oracle Corporation"/>
    <property name="java.specification.name" value="Java Platform API Specification"/>
    <property name="java.awt.graphicsenv" value="sun.awt.CGraphicsEnvironment"/>
    <property name="surefire.real.class.path" value="/Users/muzi/IdeaProjects/firstseleniumtest2/target/surefire/surefirebooter4512861127402532770.jar"/>
    <property name="sun.boot.class.path" value="/Library/Java/JavaVirtualMachines/jdk1.8.0_241.jdk/Contents/Home/jre/lib/resources.jar:/Library/Java/JavaVirtualMachines/jdk1.8.0_241.jdk/Contents/Home/jre/lib/rt.jar:/Library/Java/JavaVirtualMachines/jdk1.8.0_241.jdk/Contents/Home/jre/lib/sunrsasign.jar:/Library/Java/JavaVirtualMachines/jdk1.8.0_241.jdk/Contents/Home/jre/lib/jsse.jar:/Library/Java/JavaVirtualMachines/jdk1.8.0_241.jdk/Contents/Home/jre/lib/jce.jar:/Library/Java/JavaVirtualMachines/jdk1.8.0_241.jdk/Contents/Home/jre/lib/charsets.jar:/Library/Java/JavaVirtualMachines/jdk1.8.0_241.jdk/Contents/Home/jre/lib/jfr.jar:/Library/Java/JavaVirtualMachines/jdk1.8.0_241.jdk/Contents/Home/jre/classes"/>
    <property name="sun.management.compiler" value="HotSpot 64-Bit Tiered Compilers"/>
    <property name="ftp.nonProxyHosts" value="local|*.local|169.254/16|*.169.254/16"/>
    <property name="java.runtime.version" value="1.8.0_241-b07"/>
    <property name="user.name" value="muzi"/>
    <property name="path.separator" value=":"/>
    <property name="os.version" value="10.15.4"/>
    <property name="java.endorsed.dirs" value="/Library/Java/JavaVirtualMachines/jdk1.8.0_241.jdk/Contents/Home/jre/lib/endorsed"/>
    <property name="java.runtime.name" value="Java(TM) SE Runtime Environment"/>
    <property name="file.encoding" value="UTF-8"/>
    <property name="java.vm.name" value="Java HotSpot(TM) 64-Bit Server VM"/>
    <property name="idea.version2020.1" value="true"/>
    <property name="localRepository" value="/Users/muzi/.m2/repository"/>
    <property name="java.vendor.url.bug" value="http://bugreport.sun.com/bugreport/"/>
    <property name="java.io.tmpdir" value="/var/folders/bd/rns_y2td5x31t0f_f7b446gh0000gn/T/"/>
    <property name="java.version" value="1.8.0_241"/>
    <property name="user.dir" value="/Users/muzi/IdeaProjects/firstseleniumtest2"/>
    <property name="os.arch" value="x86_64"/>
    <property name="java.vm.specification.name" value="Java Virtual Machine Specification"/>
    <property name="java.awt.printerjob" value="sun.lwawt.macosx.CPrinterJob"/>
    <property name="sun.os.patch.level" value="unknown"/>
    <property name="java.library.path" value="/Users/muzi/Library/Java/Extensions:/Library/Java/Extensions:/Network/Library/Java/Extensions:/System/Library/Java/Extensions:/usr/lib/java:."/>
    <property name="java.vm.info" value="mixed mode"/>
    <property name="java.vendor" value="Oracle Corporation"/>
    <property name="java.vm.version" value="25.241-b07"/>
    <property name="java.ext.dirs" value="/Users/muzi/Library/Java/Extensions:/Library/Java/JavaVirtualMachines/jdk1.8.0_241.jdk/Contents/Home/jre/lib/ext:/Library/Java/Extensions:/Network/Library/Java/Extensions:/System/Library/Java/Extensions:/usr/lib/java"/>
    <property name="sun.io.unicode.encoding" value="UnicodeBig"/>
    <property name="java.class.version" value="52.0"/>
    <property name="socksNonProxyHosts" value="local|*.local|169.254/16|*.169.254/16"/>
  </properties>
</testsuite>